TN:
SF:/home/pavel/fund-alg-4sem/Lab2/Karatsuba/build/_deps/googletest-src/googletest/include/gtest/gtest-assertion-result.h
FN:155,_ZN7testing15AssertionResultC2IbEERKT_PNSt9enable_ifIXntsrSt14is_convertibleIS2_S0_E5valueEvE4typeE
FN:174,_ZNK7testing15AssertionResultcvbEv
FN:183,_ZNK7testing15AssertionResult7messageEv
FN:187,_ZNK7testing15AssertionResult15failure_messageEv
FN:191,_ZN7testing15AssertionResultlsINSt7__cxx1112basic_stringIcSt11char_traitsIcESaIcEEEEERS0_RKT_
FN:191,_ZN7testing15AssertionResultlsIA5_cEERS0_RKT_
FN:191,_ZN7testing15AssertionResultlsIPKcEERS0_RKT_
FN:191,_ZN7testing15AssertionResultlsIA12_cEERS0_RKT_
FN:191,_ZN7testing15AssertionResultlsIA3_cEERS0_RKT_
FN:206,_ZN7testing15AssertionResult13AppendMessageERKNS_7MessageE
FNDA:0,_ZN7testing15AssertionResultlsIA3_cEERS0_RKT_
FNDA:0,_ZN7testing15AssertionResultlsIA12_cEERS0_RKT_
FNDA:94,_ZNK7testing15AssertionResultcvbEv
FNDA:0,_ZNK7testing15AssertionResult15failure_messageEv
FNDA:0,_ZN7testing15AssertionResultlsIPKcEERS0_RKT_
FNDA:0,_ZN7testing15AssertionResultlsIA5_cEERS0_RKT_
FNDA:0,_ZNK7testing15AssertionResult7messageEv
FNDA:94,_ZN7testing15AssertionResultC2IbEERKT_PNSt9enable_ifIXntsrSt14is_convertibleIS2_S0_E5valueEvE4typeE
FNDA:0,_ZN7testing15AssertionResultlsINSt7__cxx1112basic_stringIcSt11char_traitsIcESaIcEEEEERS0_RKT_
FNDA:0,_ZN7testing15AssertionResult13AppendMessageERKNS_7MessageE
FNF:10
FNH:2
DA:155,94
DA:161,94
DA:174,94
DA:183,0
DA:184,0
DA:187,0
DA:191,0
DA:192,0
DA:193,0
DA:206,0
DA:207,0
DA:208,0
DA:209,0
LF:13
LH:3
end_of_record
TN:
SF:/home/pavel/fund-alg-4sem/Lab2/Karatsuba/build/_deps/googletest-src/googletest/include/gtest/gtest-message.h
FN:132,_ZN7testing7MessagelsIA5_cEERS0_RKT_
FN:132,_ZN7testing7MessagelsIA12_cEERS0_RKT_
FN:132,_ZN7testing7MessagelsIA3_cEERS0_RKT_
FN:132,_ZN7testing7MessagelsINSt7__cxx1112basic_stringIcSt11char_traitsIcESaIcEEEEERS0_RKT_
FN:182,_ZN7testing7MessagelsIKcEERS0_RKPT_
FNDA:0,_ZN7testing7MessagelsIA3_cEERS0_RKT_
FNDA:21,_ZN7testing7MessagelsIKcEERS0_RKPT_
FNDA:0,_ZN7testing7MessagelsINSt7__cxx1112basic_stringIcSt11char_traitsIcESaIcEEEEERS0_RKT_
FNDA:0,_ZN7testing7MessagelsIA5_cEERS0_RKT_
FNDA:0,_ZN7testing7MessagelsIA12_cEERS0_RKT_
FNF:5
FNH:1
DA:132,0
DA:148,0
DA:149,0
DA:182,21
DA:183,21
DA:184,0
DA:186,21
DA:188,21
LF:8
LH:4
end_of_record
TN:
SF:/home/pavel/fund-alg-4sem/Lab2/Karatsuba/build/_deps/googletest-src/googletest/include/gtest/gtest-printers.h
FN:221,_ZN7testing8internal52internal_stream_operator_without_lexical_name_lookup13StreamPrinter10PrintValueImvEEDTcvvlsdefp0_fp_ERKT_PSo
FN:326,_ZN7testing8internal17PrintWithFallbackImEEvRKT_PSo
FN:357,_ZN7testing8internal19FormatForComparisonINSt7__cxx1112basic_stringIcSt11char_traitsIcESaIcEEEA7_cE6FormatERKS7_
FN:357,_ZN7testing8internal19FormatForComparisonINSt7__cxx1112basic_stringIcSt11char_traitsIcESaIcEEEA3_cE6FormatERKS7_
FN:357,_ZN7testing8internal19FormatForComparisonINSt7__cxx1112basic_stringIcSt11char_traitsIcESaIcEEEA2_cE6FormatERKS7_
FN:357,_ZN7testing8internal19FormatForComparisonINSt7__cxx1112basic_stringIcSt11char_traitsIcESaIcEEEA21_cE6FormatERKS7_
FN:357,_ZN7testing8internal19FormatForComparisonIccE6FormatB5cxx11ERKc
FN:357,_ZN7testing8internal19FormatForComparisonImmE6FormatB5cxx11ERKm
FN:357,_ZN7testing8internal19FormatForComparisonINSt7__cxx1112basic_stringIcSt11char_traitsIcESaIcEEEA22_cE6FormatERKS7_
FN:357,_ZN7testing8internal19FormatForComparisonINSt7__cxx1112basic_stringIcSt11char_traitsIcESaIcEEEA5_cE6FormatERKS7_
FN:357,_ZN7testing8internal19FormatForComparisonINSt7__cxx1112basic_stringIcSt11char_traitsIcESaIcEEEA10_cE6FormatERKS7_
FN:357,_ZN7testing8internal19FormatForComparisonINSt7__cxx1112basic_stringIcSt11char_traitsIcESaIcEEEA11_cE6FormatERKS7_
FN:357,_ZN7testing8internal19FormatForComparisonINSt7__cxx1112basic_stringIcSt11char_traitsIcESaIcEEES7_E6FormatERKS7_
FN:357,_ZN7testing8internal19FormatForComparisonINSt7__cxx1112basic_stringIcSt11char_traitsIcESaIcEEEA4_cE6FormatERKS7_
FN:366,_ZN7testing8internal19FormatForComparisonIA2_cNSt7__cxx1112basic_stringIcSt11char_traitsIcESaIcEEEE6FormatEPKc
FN:366,_ZN7testing8internal19FormatForComparisonIA10_cNSt7__cxx1112basic_stringIcSt11char_traitsIcESaIcEEEE6FormatEPKc
FN:366,_ZN7testing8internal19FormatForComparisonIA4_cNSt7__cxx1112basic_stringIcSt11char_traitsIcESaIcEEEE6FormatEPKc
FN:366,_ZN7testing8internal19FormatForComparisonIA11_cNSt7__cxx1112basic_stringIcSt11char_traitsIcESaIcEEEE6FormatEPKc
FN:366,_ZN7testing8internal19FormatForComparisonIA7_cNSt7__cxx1112basic_stringIcSt11char_traitsIcESaIcEEEE6FormatEPKc
FN:366,_ZN7testing8internal19FormatForComparisonIA5_cNSt7__cxx1112basic_stringIcSt11char_traitsIcESaIcEEEE6FormatEPKc
FN:366,_ZN7testing8internal19FormatForComparisonIA3_cNSt7__cxx1112basic_stringIcSt11char_traitsIcESaIcEEEE6FormatEPKc
FN:366,_ZN7testing8internal19FormatForComparisonIA22_cNSt7__cxx1112basic_stringIcSt11char_traitsIcESaIcEEEE6FormatEPKc
FN:366,_ZN7testing8internal19FormatForComparisonIA21_cNSt7__cxx1112basic_stringIcSt11char_traitsIcESaIcEEEE6FormatEPKc
FN:411,_ZN7testing8internal19FormatForComparisonIPKcNSt7__cxx1112basic_stringIcSt11char_traitsIcESaIcEEEE6FormatES3_
FN:437,_ZN7testing8internal33FormatForComparisonFailureMessageIccEENSt7__cxx1112basic_stringIcSt11char_traitsIcESaIcEEERKT_RKT0_
FN:437,_ZN7testing8internal33FormatForComparisonFailureMessageINSt7__cxx1112basic_stringIcSt11char_traitsIcESaIcEEEA5_cEES7_RKT_RKT0_
FN:437,_ZN7testing8internal33FormatForComparisonFailureMessageIA10_cNSt7__cxx1112basic_stringIcSt11char_traitsIcESaIcEEEEES8_RKT_RKT0_
FN:437,_ZN7testing8internal33FormatForComparisonFailureMessageIA4_cNSt7__cxx1112basic_stringIcSt11char_traitsIcESaIcEEEEES8_RKT_RKT0_
FN:437,_ZN7testing8internal33FormatForComparisonFailureMessageINSt7__cxx1112basic_stringIcSt11char_traitsIcESaIcEEEA21_cEES7_RKT_RKT0_
FN:437,_ZN7testing8internal33FormatForComparisonFailureMessageIA11_cNSt7__cxx1112basic_stringIcSt11char_traitsIcESaIcEEEEES8_RKT_RKT0_
FN:437,_ZN7testing8internal33FormatForComparisonFailureMessageINSt7__cxx1112basic_stringIcSt11char_traitsIcESaIcEEEA11_cEES7_RKT_RKT0_
FN:437,_ZN7testing8internal33FormatForComparisonFailureMessageIA7_cNSt7__cxx1112basic_stringIcSt11char_traitsIcESaIcEEEEES8_RKT_RKT0_
FN:437,_ZN7testing8internal33FormatForComparisonFailureMessageINSt7__cxx1112basic_stringIcSt11char_traitsIcESaIcEEEA2_cEES7_RKT_RKT0_
FN:437,_ZN7testing8internal33FormatForComparisonFailureMessageINSt7__cxx1112basic_stringIcSt11char_traitsIcESaIcEEEA7_cEES7_RKT_RKT0_
FN:437,_ZN7testing8internal33FormatForComparisonFailureMessageINSt7__cxx1112basic_stringIcSt11char_traitsIcESaIcEEEA22_cEES7_RKT_RKT0_
FN:437,_ZN7testing8internal33FormatForComparisonFailureMessageINSt7__cxx1112basic_stringIcSt11char_traitsIcESaIcEEEA4_cEES7_RKT_RKT0_
FN:437,_ZN7testing8internal33FormatForComparisonFailureMessageINSt7__cxx1112basic_stringIcSt11char_traitsIcESaIcEEEA3_cEES7_RKT_RKT0_
FN:437,_ZN7testing8internal33FormatForComparisonFailureMessageINSt7__cxx1112basic_stringIcSt11char_traitsIcESaIcEEEA10_cEES7_RKT_RKT0_
FN:437,_ZN7testing8internal33FormatForComparisonFailureMessageINSt7__cxx1112basic_stringIcSt11char_traitsIcESaIcEEES7_EES7_RKT_RKT0_
FN:437,_ZN7testing8internal33FormatForComparisonFailureMessageIA5_cNSt7__cxx1112basic_stringIcSt11char_traitsIcESaIcEEEEES8_RKT_RKT0_
FN:437,_ZN7testing8internal33FormatForComparisonFailureMessageIA21_cNSt7__cxx1112basic_stringIcSt11char_traitsIcESaIcEEEEES8_RKT_RKT0_
FN:437,_ZN7testing8internal33FormatForComparisonFailureMessageImmEENSt7__cxx1112basic_stringIcSt11char_traitsIcESaIcEEERKT_RKT0_
FN:437,_ZN7testing8internal33FormatForComparisonFailureMessageIA2_cNSt7__cxx1112basic_stringIcSt11char_traitsIcESaIcEEEEES8_RKT_RKT0_
FN:437,_ZN7testing8internal33FormatForComparisonFailureMessageIA22_cNSt7__cxx1112basic_stringIcSt11char_traitsIcESaIcEEEEES8_RKT_RKT0_
FN:437,_ZN7testing8internal33FormatForComparisonFailureMessageIA3_cNSt7__cxx1112basic_stringIcSt11char_traitsIcESaIcEEEEES8_RKT_RKT0_
FN:464,_ZN7testing8internal7PrintToImEEvRKT_PSo
FN:475,_ZN7testing8internal7PrintToEcPSo
FN:660,_ZN7testing8internal7PrintToERKNSt7__cxx1112basic_stringIcSt11char_traitsIcESaIcEEEPSo
FN:799,_ZN7testing8internal16UniversalPrinterINSt7__cxx1112basic_stringIcSt11char_traitsIcESaIcEEEE5PrintERKS7_PSo
FN:799,_ZN7testing8internal16UniversalPrinterImE5PrintERKmPSo
FN:799,_ZN7testing8internal16UniversalPrinterIcE5PrintERKcPSo
FN:989,_ZN7testing8internal21UniversalTersePrinterINSt7__cxx1112basic_stringIcSt11char_traitsIcESaIcEEEE5PrintERKS7_PSo
FN:989,_ZN7testing8internal21UniversalTersePrinterIcE5PrintERKcPSo
FN:989,_ZN7testing8internal21UniversalTersePrinterImE5PrintERKmPSo
FN:1017,_ZN7testing8internal21UniversalTersePrinterIPKcE5PrintES3_PSo
FN:1108,_ZN7testing8internal14UniversalPrintINSt7__cxx1112basic_stringIcSt11char_traitsIcESaIcEEEEEvRKT_PSo
FN:1108,_ZN7testing8internal14UniversalPrintImEEvRKT_PSo
FN:1108,_ZN7testing8internal14UniversalPrintIcEEvRKT_PSo
FN:1148,_ZN7testing13PrintToStringIcEENSt7__cxx1112basic_stringIcSt11char_traitsIcESaIcEEERKT_
FN:1148,_ZN7testing13PrintToStringImEENSt7__cxx1112basic_stringIcSt11char_traitsIcESaIcEEERKT_
FN:1148,_ZN7testing13PrintToStringIPKcEENSt7__cxx1112basic_stringIcSt11char_traitsIcESaIcEEERKT_
FN:1148,_ZN7testing13PrintToStringINSt7__cxx1112basic_stringIcSt11char_traitsIcESaIcEEEEES6_RKT_
FNDA:0,_ZN7testing8internal19FormatForComparisonIA2_cNSt7__cxx1112basic_stringIcSt11char_traitsIcESaIcEEEE6FormatEPKc
FNDA:0,_ZN7testing8internal7PrintToImEEvRKT_PSo
FNDA:0,_ZN7testing8internal16UniversalPrinterINSt7__cxx1112basic_stringIcSt11char_traitsIcESaIcEEEE5PrintERKS7_PSo
FNDA:0,_ZN7testing8internal33FormatForComparisonFailureMessageIccEENSt7__cxx1112basic_stringIcSt11char_traitsIcESaIcEEERKT_RKT0_
FNDA:0,_ZN7testing13PrintToStringIcEENSt7__cxx1112basic_stringIcSt11char_traitsIcESaIcEEERKT_
FNDA:0,_ZN7testing8internal33FormatForComparisonFailureMessageIA4_cNSt7__cxx1112basic_stringIcSt11char_traitsIcESaIcEEEEES8_RKT_RKT0_
FNDA:0,_ZN7testing8internal19FormatForComparisonINSt7__cxx1112basic_stringIcSt11char_traitsIcESaIcEEEA3_cE6FormatERKS7_
FNDA:0,_ZN7testing8internal33FormatForComparisonFailureMessageINSt7__cxx1112basic_stringIcSt11char_traitsIcESaIcEEEA21_cEES7_RKT_RKT0_
FNDA:0,_ZN7testing8internal33FormatForComparisonFailureMessageIA10_cNSt7__cxx1112basic_stringIcSt11char_traitsIcESaIcEEEEES8_RKT_RKT0_
FNDA:0,_ZN7testing8internal7PrintToEcPSo
FNDA:0,_ZN7testing8internal19FormatForComparisonINSt7__cxx1112basic_stringIcSt11char_traitsIcESaIcEEEA7_cE6FormatERKS7_
FNDA:0,_ZN7testing8internal33FormatForComparisonFailureMessageINSt7__cxx1112basic_stringIcSt11char_traitsIcESaIcEEEA5_cEES7_RKT_RKT0_
FNDA:0,_ZN7testing8internal14UniversalPrintINSt7__cxx1112basic_stringIcSt11char_traitsIcESaIcEEEEEvRKT_PSo
FNDA:0,_ZN7testing8internal19FormatForComparisonINSt7__cxx1112basic_stringIcSt11char_traitsIcESaIcEEEA2_cE6FormatERKS7_
FNDA:0,_ZN7testing8internal33FormatForComparisonFailureMessageIA11_cNSt7__cxx1112basic_stringIcSt11char_traitsIcESaIcEEEEES8_RKT_RKT0_
FNDA:0,_ZN7testing8internal16UniversalPrinterImE5PrintERKmPSo
FNDA:0,_ZN7testing8internal19FormatForComparisonIA10_cNSt7__cxx1112basic_stringIcSt11char_traitsIcESaIcEEEE6FormatEPKc
FNDA:0,_ZN7testing8internal19FormatForComparisonIA4_cNSt7__cxx1112basic_stringIcSt11char_traitsIcESaIcEEEE6FormatEPKc
FNDA:0,_ZN7testing8internal19FormatForComparisonINSt7__cxx1112basic_stringIcSt11char_traitsIcESaIcEEEA21_cE6FormatERKS7_
FNDA:0,_ZN7testing8internal33FormatForComparisonFailureMessageIA7_cNSt7__cxx1112basic_stringIcSt11char_traitsIcESaIcEEEEES8_RKT_RKT0_
FNDA:0,_ZN7testing8internal33FormatForComparisonFailureMessageINSt7__cxx1112basic_stringIcSt11char_traitsIcESaIcEEEA11_cEES7_RKT_RKT0_
FNDA:0,_ZN7testing8internal19FormatForComparisonIA11_cNSt7__cxx1112basic_stringIcSt11char_traitsIcESaIcEEEE6FormatEPKc
FNDA:0,_ZN7testing8internal33FormatForComparisonFailureMessageINSt7__cxx1112basic_stringIcSt11char_traitsIcESaIcEEEA2_cEES7_RKT_RKT0_
FNDA:0,_ZN7testing8internal21UniversalTersePrinterINSt7__cxx1112basic_stringIcSt11char_traitsIcESaIcEEEE5PrintERKS7_PSo
FNDA:0,_ZN7testing8internal7PrintToERKNSt7__cxx1112basic_stringIcSt11char_traitsIcESaIcEEEPSo
FNDA:0,_ZN7testing8internal19FormatForComparisonIccE6FormatB5cxx11ERKc
FNDA:0,_ZN7testing8internal33FormatForComparisonFailureMessageINSt7__cxx1112basic_stringIcSt11char_traitsIcESaIcEEEA7_cEES7_RKT_RKT0_
FNDA:0,_ZN7testing13PrintToStringImEENSt7__cxx1112basic_stringIcSt11char_traitsIcESaIcEEERKT_
FNDA:0,_ZN7testing8internal19FormatForComparisonImmE6FormatB5cxx11ERKm
FNDA:0,_ZN7testing8internal19FormatForComparisonIPKcNSt7__cxx1112basic_stringIcSt11char_traitsIcESaIcEEEE6FormatES3_
FNDA:0,_ZN7testing8internal33FormatForComparisonFailureMessageINSt7__cxx1112basic_stringIcSt11char_traitsIcESaIcEEEA22_cEES7_RKT_RKT0_
FNDA:0,_ZN7testing8internal17PrintWithFallbackImEEvRKT_PSo
FNDA:0,_ZN7testing8internal33FormatForComparisonFailureMessageINSt7__cxx1112basic_stringIcSt11char_traitsIcESaIcEEEA10_cEES7_RKT_RKT0_
FNDA:0,_ZN7testing8internal21UniversalTersePrinterIcE5PrintERKcPSo
FNDA:0,_ZN7testing8internal33FormatForComparisonFailureMessageINSt7__cxx1112basic_stringIcSt11char_traitsIcESaIcEEEA4_cEES7_RKT_RKT0_
FNDA:0,_ZN7testing8internal33FormatForComparisonFailureMessageINSt7__cxx1112basic_stringIcSt11char_traitsIcESaIcEEEA3_cEES7_RKT_RKT0_
FNDA:0,_ZN7testing8internal19FormatForComparisonINSt7__cxx1112basic_stringIcSt11char_traitsIcESaIcEEEA22_cE6FormatERKS7_
FNDA:0,_ZN7testing8internal33FormatForComparisonFailureMessageINSt7__cxx1112basic_stringIcSt11char_traitsIcESaIcEEES7_EES7_RKT_RKT0_
FNDA:0,_ZN7testing8internal14UniversalPrintImEEvRKT_PSo
FNDA:0,_ZN7testing8internal33FormatForComparisonFailureMessageIA5_cNSt7__cxx1112basic_stringIcSt11char_traitsIcESaIcEEEEES8_RKT_RKT0_
FNDA:0,_ZN7testing8internal33FormatForComparisonFailureMessageImmEENSt7__cxx1112basic_stringIcSt11char_traitsIcESaIcEEERKT_RKT0_
FNDA:0,_ZN7testing8internal33FormatForComparisonFailureMessageIA21_cNSt7__cxx1112basic_stringIcSt11char_traitsIcESaIcEEEEES8_RKT_RKT0_
FNDA:0,_ZN7testing8internal19FormatForComparisonIA7_cNSt7__cxx1112basic_stringIcSt11char_traitsIcESaIcEEEE6FormatEPKc
FNDA:0,_ZN7testing8internal19FormatForComparisonIA5_cNSt7__cxx1112basic_stringIcSt11char_traitsIcESaIcEEEE6FormatEPKc
FNDA:0,_ZN7testing13PrintToStringIPKcEENSt7__cxx1112basic_stringIcSt11char_traitsIcESaIcEEERKT_
FNDA:0,_ZN7testing8internal19FormatForComparisonIA3_cNSt7__cxx1112basic_stringIcSt11char_traitsIcESaIcEEEE6FormatEPKc
FNDA:0,_ZN7testing8internal19FormatForComparisonINSt7__cxx1112basic_stringIcSt11char_traitsIcESaIcEEEA5_cE6FormatERKS7_
FNDA:0,_ZN7testing8internal14UniversalPrintIcEEvRKT_PSo
FNDA:0,_ZN7testing8internal19FormatForComparisonINSt7__cxx1112basic_stringIcSt11char_traitsIcESaIcEEEA11_cE6FormatERKS7_
FNDA:0,_ZN7testing8internal33FormatForComparisonFailureMessageIA2_cNSt7__cxx1112basic_stringIcSt11char_traitsIcESaIcEEEEES8_RKT_RKT0_
FNDA:0,_ZN7testing8internal19FormatForComparisonINSt7__cxx1112basic_stringIcSt11char_traitsIcESaIcEEEA10_cE6FormatERKS7_
FNDA:0,_ZN7testing8internal16UniversalPrinterIcE5PrintERKcPSo
FNDA:0,_ZN7testing8internal21UniversalTersePrinterImE5PrintERKmPSo
FNDA:0,_ZN7testing8internal19FormatForComparisonIA22_cNSt7__cxx1112basic_stringIcSt11char_traitsIcESaIcEEEE6FormatEPKc
FNDA:0,_ZN7testing8internal52internal_stream_operator_without_lexical_name_lookup13StreamPrinter10PrintValueImvEEDTcvvlsdefp0_fp_ERKT_PSo
FNDA:0,_ZN7testing8internal19FormatForComparisonIA21_cNSt7__cxx1112basic_stringIcSt11char_traitsIcESaIcEEEE6FormatEPKc
FNDA:0,_ZN7testing8internal33FormatForComparisonFailureMessageIA22_cNSt7__cxx1112basic_stringIcSt11char_traitsIcESaIcEEEEES8_RKT_RKT0_
FNDA:0,_ZN7testing8internal19FormatForComparisonINSt7__cxx1112basic_stringIcSt11char_traitsIcESaIcEEEA4_cE6FormatERKS7_
FNDA:0,_ZN7testing13PrintToStringINSt7__cxx1112basic_stringIcSt11char_traitsIcESaIcEEEEES6_RKT_
FNDA:0,_ZN7testing8internal21UniversalTersePrinterIPKcE5PrintES3_PSo
FNDA:0,_ZN7testing8internal33FormatForComparisonFailureMessageIA3_cNSt7__cxx1112basic_stringIcSt11char_traitsIcESaIcEEEEES8_RKT_RKT0_
FNDA:0,_ZN7testing8internal19FormatForComparisonINSt7__cxx1112basic_stringIcSt11char_traitsIcESaIcEEES7_E6FormatERKS7_
FNF:62
FNH:0
DA:221,0
DA:225,0
DA:226,0
DA:326,0
DA:336,0
DA:337,0
DA:357,0
DA:358,0
DA:366,0
DA:367,0
DA:411,0
DA:437,0
DA:439,0
DA:464,0
DA:465,0
DA:466,0
DA:475,0
DA:479,0
DA:480,0
DA:660,0
DA:661,0
DA:662,0
DA:799,0
DA:808,0
DA:809,0
DA:989,0
DA:990,0
DA:991,0
DA:1017,0
DA:1018,0
DA:1019,0
DA:1021,0
DA:1023,0
DA:1108,0
DA:1112,0
DA:1113,0
DA:1148,0
DA:1149,0
DA:1150,0
DA:1151,0
DA:1152,0
LF:41
LH:0
end_of_record
TN:
SF:/home/pavel/fund-alg-4sem/Lab2/Karatsuba/build/_deps/googletest-src/googletest/include/gtest/gtest.h
FN:256,_ZN7testing4Test14SetUpTestSuiteEv
FN:264,_ZN7testing4Test17TearDownTestSuiteEv
FN:269,_ZN7testing4Test16TearDownTestCaseEv
FN:270,_ZN7testing4Test13SetUpTestCaseEv
FN:357,_ZN7testing4Test5SetupEv
FN:1359,_ZN7testing8internal18CmpHelperEQFailureINSt7__cxx1112basic_stringIcSt11char_traitsIcESaIcEEEA10_cEENS_15AssertionResultEPKcSB_RKT_RKT0_
FN:1359,_ZN7testing8internal18CmpHelperEQFailureINSt7__cxx1112basic_stringIcSt11char_traitsIcESaIcEEEA7_cEENS_15AssertionResultEPKcSB_RKT_RKT0_
FN:1359,_ZN7testing8internal18CmpHelperEQFailureINSt7__cxx1112basic_stringIcSt11char_traitsIcESaIcEEEA3_cEENS_15AssertionResultEPKcSB_RKT_RKT0_
FN:1359,_ZN7testing8internal18CmpHelperEQFailureINSt7__cxx1112basic_stringIcSt11char_traitsIcESaIcEEEA11_cEENS_15AssertionResultEPKcSB_RKT_RKT0_
FN:1359,_ZN7testing8internal18CmpHelperEQFailureINSt7__cxx1112basic_stringIcSt11char_traitsIcESaIcEEEA5_cEENS_15AssertionResultEPKcSB_RKT_RKT0_
FN:1359,_ZN7testing8internal18CmpHelperEQFailureINSt7__cxx1112basic_stringIcSt11char_traitsIcESaIcEEEA4_cEENS_15AssertionResultEPKcSB_RKT_RKT0_
FN:1359,_ZN7testing8internal18CmpHelperEQFailureINSt7__cxx1112basic_stringIcSt11char_traitsIcESaIcEEEA22_cEENS_15AssertionResultEPKcSB_RKT_RKT0_
FN:1359,_ZN7testing8internal18CmpHelperEQFailureIccEENS_15AssertionResultEPKcS4_RKT_RKT0_
FN:1359,_ZN7testing8internal18CmpHelperEQFailureINSt7__cxx1112basic_stringIcSt11char_traitsIcESaIcEEEA21_cEENS_15AssertionResultEPKcSB_RKT_RKT0_
FN:1359,_ZN7testing8internal18CmpHelperEQFailureINSt7__cxx1112basic_stringIcSt11char_traitsIcESaIcEEEA2_cEENS_15AssertionResultEPKcSB_RKT_RKT0_
FN:1359,_ZN7testing8internal18CmpHelperEQFailureINSt7__cxx1112basic_stringIcSt11char_traitsIcESaIcEEES7_EENS_15AssertionResultEPKcSA_RKT_RKT0_
FN:1376,_ZN7testing8internal11CmpHelperEQINSt7__cxx1112basic_stringIcSt11char_traitsIcESaIcEEEA11_cEENS_15AssertionResultEPKcSB_RKT_RKT0_
FN:1376,_ZN7testing8internal11CmpHelperEQINSt7__cxx1112basic_stringIcSt11char_traitsIcESaIcEEEA22_cEENS_15AssertionResultEPKcSB_RKT_RKT0_
FN:1376,_ZN7testing8internal11CmpHelperEQINSt7__cxx1112basic_stringIcSt11char_traitsIcESaIcEEEA4_cEENS_15AssertionResultEPKcSB_RKT_RKT0_
FN:1376,_ZN7testing8internal11CmpHelperEQINSt7__cxx1112basic_stringIcSt11char_traitsIcESaIcEEEA7_cEENS_15AssertionResultEPKcSB_RKT_RKT0_
FN:1376,_ZN7testing8internal11CmpHelperEQINSt7__cxx1112basic_stringIcSt11char_traitsIcESaIcEEEA3_cEENS_15AssertionResultEPKcSB_RKT_RKT0_
FN:1376,_ZN7testing8internal11CmpHelperEQINSt7__cxx1112basic_stringIcSt11char_traitsIcESaIcEEES7_EENS_15AssertionResultEPKcSA_RKT_RKT0_
FN:1376,_ZN7testing8internal11CmpHelperEQINSt7__cxx1112basic_stringIcSt11char_traitsIcESaIcEEEA5_cEENS_15AssertionResultEPKcSB_RKT_RKT0_
FN:1376,_ZN7testing8internal11CmpHelperEQINSt7__cxx1112basic_stringIcSt11char_traitsIcESaIcEEEA2_cEENS_15AssertionResultEPKcSB_RKT_RKT0_
FN:1376,_ZN7testing8internal11CmpHelperEQINSt7__cxx1112basic_stringIcSt11char_traitsIcESaIcEEEA10_cEENS_15AssertionResultEPKcSB_RKT_RKT0_
FN:1376,_ZN7testing8internal11CmpHelperEQIccEENS_15AssertionResultEPKcS4_RKT_RKT0_
FN:1376,_ZN7testing8internal11CmpHelperEQINSt7__cxx1112basic_stringIcSt11char_traitsIcESaIcEEEA21_cEENS_15AssertionResultEPKcSB_RKT_RKT0_
FN:1395,_ZN7testing8internal8EqHelper7CompareINSt7__cxx1112basic_stringIcSt11char_traitsIcESaIcEEEA11_cLPv0EEENS_15AssertionResultEPKcSD_RKT_RKT0_
FN:1395,_ZN7testing8internal8EqHelper7CompareINSt7__cxx1112basic_stringIcSt11char_traitsIcESaIcEEEA21_cLPv0EEENS_15AssertionResultEPKcSD_RKT_RKT0_
FN:1395,_ZN7testing8internal8EqHelper7CompareINSt7__cxx1112basic_stringIcSt11char_traitsIcESaIcEEEA3_cLPv0EEENS_15AssertionResultEPKcSD_RKT_RKT0_
FN:1395,_ZN7testing8internal8EqHelper7CompareIccLPv0EEENS_15AssertionResultEPKcS6_RKT_RKT0_
FN:1395,_ZN7testing8internal8EqHelper7CompareINSt7__cxx1112basic_stringIcSt11char_traitsIcESaIcEEEA10_cLPv0EEENS_15AssertionResultEPKcSD_RKT_RKT0_
FN:1395,_ZN7testing8internal8EqHelper7CompareINSt7__cxx1112basic_stringIcSt11char_traitsIcESaIcEEEA7_cLPv0EEENS_15AssertionResultEPKcSD_RKT_RKT0_
FN:1395,_ZN7testing8internal8EqHelper7CompareINSt7__cxx1112basic_stringIcSt11char_traitsIcESaIcEEEA4_cLPv0EEENS_15AssertionResultEPKcSD_RKT_RKT0_
FN:1395,_ZN7testing8internal8EqHelper7CompareINSt7__cxx1112basic_stringIcSt11char_traitsIcESaIcEEEA22_cLPv0EEENS_15AssertionResultEPKcSD_RKT_RKT0_
FN:1395,_ZN7testing8internal8EqHelper7CompareINSt7__cxx1112basic_stringIcSt11char_traitsIcESaIcEEES8_LPv0EEENS_15AssertionResultEPKcSC_RKT_RKT0_
FN:1395,_ZN7testing8internal8EqHelper7CompareINSt7__cxx1112basic_stringIcSt11char_traitsIcESaIcEEEA2_cLPv0EEENS_15AssertionResultEPKcSD_RKT_RKT0_
FN:1395,_ZN7testing8internal8EqHelper7CompareINSt7__cxx1112basic_stringIcSt11char_traitsIcESaIcEEEA5_cLPv0EEENS_15AssertionResultEPKcSD_RKT_RKT0_
FN:1428,_ZN7testing8internal18CmpHelperOpFailureImmEENS_15AssertionResultEPKcS4_RKT_RKT0_S4_
FN:1428,_ZN7testing8internal18CmpHelperOpFailureIccEENS_15AssertionResultEPKcS4_RKT_RKT0_S4_
FN:1457,_ZN7testing8internal11CmpHelperNEIccEENS_15AssertionResultEPKcS4_RKT_RKT0_
FN:1459,_ZN7testing8internal11CmpHelperLEImmEENS_15AssertionResultEPKcS4_RKT_RKT0_
FNDA:61,_ZN7testing8internal8EqHelper7CompareINSt7__cxx1112basic_stringIcSt11char_traitsIcESaIcEEES8_LPv0EEENS_15AssertionResultEPKcSC_RKT_RKT0_
FNDA:6,_ZN7testing8internal8EqHelper7CompareINSt7__cxx1112basic_stringIcSt11char_traitsIcESaIcEEEA2_cLPv0EEENS_15AssertionResultEPKcSD_RKT_RKT0_
FNDA:2,_ZN7testing8internal8EqHelper7CompareINSt7__cxx1112basic_stringIcSt11char_traitsIcESaIcEEEA5_cLPv0EEENS_15AssertionResultEPKcSD_RKT_RKT0_
FNDA:2,_ZN7testing8internal11CmpHelperEQINSt7__cxx1112basic_stringIcSt11char_traitsIcESaIcEEEA10_cEENS_15AssertionResultEPKcSB_RKT_RKT0_
FNDA:0,_ZN7testing8internal18CmpHelperEQFailureINSt7__cxx1112basic_stringIcSt11char_traitsIcESaIcEEES7_EENS_15AssertionResultEPKcSA_RKT_RKT0_
FNDA:0,_ZN7testing8internal18CmpHelperEQFailureINSt7__cxx1112basic_stringIcSt11char_traitsIcESaIcEEEA2_cEENS_15AssertionResultEPKcSB_RKT_RKT0_
FNDA:1,_ZN7testing8internal11CmpHelperEQIccEENS_15AssertionResultEPKcS4_RKT_RKT0_
FNDA:0,_ZN7testing4Test16TearDownTestCaseEv
FNDA:1,_ZN7testing8internal11CmpHelperEQINSt7__cxx1112basic_stringIcSt11char_traitsIcESaIcEEEA21_cEENS_15AssertionResultEPKcSB_RKT_RKT0_
FNDA:0,_ZN7testing8internal18CmpHelperEQFailureIccEENS_15AssertionResultEPKcS4_RKT_RKT0_
FNDA:0,_ZN7testing8internal18CmpHelperOpFailureImmEENS_15AssertionResultEPKcS4_RKT_RKT0_S4_
FNDA:3,_ZN7testing8internal8EqHelper7CompareINSt7__cxx1112basic_stringIcSt11char_traitsIcESaIcEEEA3_cLPv0EEENS_15AssertionResultEPKcSD_RKT_RKT0_
FNDA:0,_ZN7testing8internal18CmpHelperOpFailureIccEENS_15AssertionResultEPKcS4_RKT_RKT0_S4_
FNDA:1,_ZN7testing8internal8EqHelper7CompareIccLPv0EEENS_15AssertionResultEPKcS6_RKT_RKT0_
FNDA:1,_ZN7testing8internal8EqHelper7CompareINSt7__cxx1112basic_stringIcSt11char_traitsIcESaIcEEEA7_cLPv0EEENS_15AssertionResultEPKcSD_RKT_RKT0_
FNDA:2,_ZN7testing8internal8EqHelper7CompareINSt7__cxx1112basic_stringIcSt11char_traitsIcESaIcEEEA10_cLPv0EEENS_15AssertionResultEPKcSD_RKT_RKT0_
FNDA:6,_ZN7testing8internal11CmpHelperEQINSt7__cxx1112basic_stringIcSt11char_traitsIcESaIcEEEA2_cEENS_15AssertionResultEPKcSB_RKT_RKT0_
FNDA:1,_ZN7testing8internal11CmpHelperNEIccEENS_15AssertionResultEPKcS4_RKT_RKT0_
FNDA:2,_ZN7testing8internal8EqHelper7CompareINSt7__cxx1112basic_stringIcSt11char_traitsIcESaIcEEEA4_cLPv0EEENS_15AssertionResultEPKcSD_RKT_RKT0_
FNDA:0,_ZN7testing8internal18CmpHelperEQFailureINSt7__cxx1112basic_stringIcSt11char_traitsIcESaIcEEEA21_cEENS_15AssertionResultEPKcSB_RKT_RKT0_
FNDA:1,_ZN7testing8internal8EqHelper7CompareINSt7__cxx1112basic_stringIcSt11char_traitsIcESaIcEEEA22_cLPv0EEENS_15AssertionResultEPKcSD_RKT_RKT0_
FNDA:2,_ZN7testing8internal11CmpHelperEQINSt7__cxx1112basic_stringIcSt11char_traitsIcESaIcEEEA4_cEENS_15AssertionResultEPKcSB_RKT_RKT0_
FNDA:0,_ZN7testing8internal18CmpHelperEQFailureINSt7__cxx1112basic_stringIcSt11char_traitsIcESaIcEEEA3_cEENS_15AssertionResultEPKcSB_RKT_RKT0_
FNDA:0,_ZN7testing4Test13SetUpTestCaseEv
FNDA:3,_ZN7testing8internal11CmpHelperEQINSt7__cxx1112basic_stringIcSt11char_traitsIcESaIcEEEA3_cEENS_15AssertionResultEPKcSB_RKT_RKT0_
FNDA:1,_ZN7testing8internal11CmpHelperEQINSt7__cxx1112basic_stringIcSt11char_traitsIcESaIcEEEA7_cEENS_15AssertionResultEPKcSB_RKT_RKT0_
FNDA:0,_ZN7testing8internal18CmpHelperEQFailureINSt7__cxx1112basic_stringIcSt11char_traitsIcESaIcEEEA11_cEENS_15AssertionResultEPKcSB_RKT_RKT0_
FNDA:1,_ZN7testing8internal8EqHelper7CompareINSt7__cxx1112basic_stringIcSt11char_traitsIcESaIcEEEA21_cLPv0EEENS_15AssertionResultEPKcSD_RKT_RKT0_
FNDA:61,_ZN7testing8internal11CmpHelperEQINSt7__cxx1112basic_stringIcSt11char_traitsIcESaIcEEES7_EENS_15AssertionResultEPKcSA_RKT_RKT0_
FNDA:0,_ZN7testing8internal18CmpHelperEQFailureINSt7__cxx1112basic_stringIcSt11char_traitsIcESaIcEEEA4_cEENS_15AssertionResultEPKcSB_RKT_RKT0_
FNDA:0,_ZN7testing8internal18CmpHelperEQFailureINSt7__cxx1112basic_stringIcSt11char_traitsIcESaIcEEEA5_cEENS_15AssertionResultEPKcSB_RKT_RKT0_
FNDA:0,_ZN7testing4Test5SetupEv
FNDA:0,_ZN7testing8internal18CmpHelperEQFailureINSt7__cxx1112basic_stringIcSt11char_traitsIcESaIcEEEA22_cEENS_15AssertionResultEPKcSB_RKT_RKT0_
FNDA:2,_ZN7testing8internal11CmpHelperEQINSt7__cxx1112basic_stringIcSt11char_traitsIcESaIcEEEA5_cEENS_15AssertionResultEPKcSB_RKT_RKT0_
FNDA:0,_ZN7testing4Test17TearDownTestSuiteEv
FNDA:1,_ZN7testing8internal11CmpHelperEQINSt7__cxx1112basic_stringIcSt11char_traitsIcESaIcEEEA11_cEENS_15AssertionResultEPKcSB_RKT_RKT0_
FNDA:1,_ZN7testing8internal11CmpHelperLEImmEENS_15AssertionResultEPKcS4_RKT_RKT0_
FNDA:0,_ZN7testing8internal18CmpHelperEQFailureINSt7__cxx1112basic_stringIcSt11char_traitsIcESaIcEEEA10_cEENS_15AssertionResultEPKcSB_RKT_RKT0_
FNDA:1,_ZN7testing8internal8EqHelper7CompareINSt7__cxx1112basic_stringIcSt11char_traitsIcESaIcEEEA11_cLPv0EEENS_15AssertionResultEPKcSD_RKT_RKT0_
FNDA:1,_ZN7testing8internal11CmpHelperEQINSt7__cxx1112basic_stringIcSt11char_traitsIcESaIcEEEA22_cEENS_15AssertionResultEPKcSB_RKT_RKT0_
FNDA:0,_ZN7testing4Test14SetUpTestSuiteEv
FNDA:0,_ZN7testing8internal18CmpHelperEQFailureINSt7__cxx1112basic_stringIcSt11char_traitsIcESaIcEEEA7_cEENS_15AssertionResultEPKcSB_RKT_RKT0_
FNF:42
FNH:24
DA:256,0
DA:264,0
DA:269,0
DA:270,0
DA:357,0
DA:1359,0
DA:1364,0
DA:1376,81
DA:1379,81
DA:1380,81
DA:1383,0
DA:1395,81
DA:1398,81
DA:1428,0
DA:1432,0
DA:1433,0
DA:1434,0
DA:1457,1
DA:1459,1
LF:19
LH:7
end_of_record
TN:
SF:/home/pavel/fund-alg-4sem/Lab2/Karatsuba/build/_deps/googletest-src/googletest/include/gtest/internal/gtest-internal.h
FN:419,_ZN7testing8internal9GetTypeIdI2FxEEPKvv
FN:438,_ZN7testing8internal15TestFactoryBaseD0Ev
FN:438,_ZN7testing8internal15TestFactoryBaseD2Ev
FN:445,_ZN7testing8internal15TestFactoryBaseC2Ev
FN:457,_ZN7testing8internal15TestFactoryImplI31Fx_RandomKaratsubaProperty_TestE10CreateTestEv
FN:457,_ZN7testing8internal15TestFactoryImplI16Fx_DivSigns_TestE10CreateTestEv
FN:457,_ZN7testing8internal15TestFactoryImplI26Fx_ParseBasicAndZeros_TestE10CreateTestEv
FN:457,_ZN7testing8internal15TestFactoryImplI19Fx_StreamInOut_TestE10CreateTestEv
FN:457,_ZN7testing8internal15TestFactoryImplI20Fx_MulSmallVsLL_TestE10CreateTestEv
FN:457,_ZN7testing8internal15TestFactoryImplI24Fx_CompareOperators_TestE10CreateTestEv
FN:457,_ZN7testing8internal15TestFactoryImplI22Fx_CopyMoveAssign_TestE10CreateTestEv
FN:457,_ZN7testing8internal15TestFactoryImplI16Fx_MulSigns_TestE10CreateTestEv
FN:457,_ZN7testing8internal15TestFactoryImplI27Fx_MulSwitchSmallLarge_TestE10CreateTestEv
FN:457,_ZN7testing8internal15TestFactoryImplI27Fx_LLongMinConstructor_TestE10CreateTestEv
FN:457,_ZN7testing8internal15TestFactoryImplI24Fx_DivBasicBranches_TestE10CreateTestEv
FN:457,_ZN7testing8internal15TestFactoryImplI26Fx_AddSubSignsAndTrim_TestE10CreateTestEv
FN:478,_ZN7testing8internal12CodeLocationC2ERKNSt7__cxx1112basic_stringIcSt11char_traitsIcESaIcEEEi
FN:491,_ZN7testing8internal19GetNotDefaultOrNullEPFvvES2_
FN:506,_ZN7testing8internal16SuiteApiResolverI2FxE19GetSetUpCaseOrSuiteEPKci
FN:527,_ZN7testing8internal16SuiteApiResolverI2FxE22GetTearDownCaseOrSuiteEPKci
FN:843,_ZN7testing8internal14TrueWithStringC2Ev
FN:846,_ZNK7testing8internal14TrueWithStringcvbEv
FNDA:1,_ZN7testing8internal14TrueWithStringC2Ev
FNDA:12,_ZN7testing8internal12CodeLocationC2ERKNSt7__cxx1112basic_stringIcSt11char_traitsIcESaIcEEEi
FNDA:1,_ZN7testing8internal15TestFactoryImplI24Fx_DivBasicBranches_TestE10CreateTestEv
FNDA:12,_ZN7testing8internal15TestFactoryBaseC2Ev
FNDA:1,_ZN7testing8internal15TestFactoryImplI26Fx_AddSubSignsAndTrim_TestE10CreateTestEv
FNDA:12,_ZN7testing8internal16SuiteApiResolverI2FxE22GetTearDownCaseOrSuiteEPKci
FNDA:48,_ZN7testing8internal19GetNotDefaultOrNullEPFvvES2_
FNDA:0,_ZN7testing8internal15TestFactoryBaseD0Ev
FNDA:1,_ZNK7testing8internal14TrueWithStringcvbEv
FNDA:1,_ZN7testing8internal15TestFactoryImplI26Fx_ParseBasicAndZeros_TestE10CreateTestEv
FNDA:1,_ZN7testing8internal15TestFactoryImplI16Fx_DivSigns_TestE10CreateTestEv
FNDA:1,_ZN7testing8internal15TestFactoryImplI31Fx_RandomKaratsubaProperty_TestE10CreateTestEv
FNDA:12,_ZN7testing8internal9GetTypeIdI2FxEEPKvv
FNDA:12,_ZN7testing8internal15TestFactoryBaseD2Ev
FNDA:1,_ZN7testing8internal15TestFactoryImplI27Fx_LLongMinConstructor_TestE10CreateTestEv
FNDA:12,_ZN7testing8internal16SuiteApiResolverI2FxE19GetSetUpCaseOrSuiteEPKci
FNDA:1,_ZN7testing8internal15TestFactoryImplI16Fx_MulSigns_TestE10CreateTestEv
FNDA:1,_ZN7testing8internal15TestFactoryImplI27Fx_MulSwitchSmallLarge_TestE10CreateTestEv
FNDA:1,_ZN7testing8internal15TestFactoryImplI22Fx_CopyMoveAssign_TestE10CreateTestEv
FNDA:1,_ZN7testing8internal15TestFactoryImplI24Fx_CompareOperators_TestE10CreateTestEv
FNDA:1,_ZN7testing8internal15TestFactoryImplI20Fx_MulSmallVsLL_TestE10CreateTestEv
FNDA:1,_ZN7testing8internal15TestFactoryImplI19Fx_StreamInOut_TestE10CreateTestEv
FNF:22
FNH:21
DA:419,12
DA:424,12
DA:438,12
DA:445,12
DA:457,12
DA:478,12
DA:479,12
DA:491,48
DA:493,48
DA:506,12
DA:510,12
DA:512,12
DA:514,12
DA:517,0
DA:519,12
DA:527,12
DA:531,12
DA:533,12
DA:535,12
DA:538,0
DA:540,12
DA:843,1
DA:846,1
LF:23
LH:21
end_of_record
TN:
SF:/home/pavel/fund-alg-4sem/Lab2/Karatsuba/build/_deps/googletest-src/googletest/include/gtest/internal/gtest-port.h
FN:1042,_ZN7testing8internal8GTestLog9GetStreamEv
FNDA:0,_ZN7testing8internal8GTestLog9GetStreamEv
FNF:1
FNH:0
DA:1042,0
LF:1
LH:0
end_of_record
TN:
SF:/home/pavel/fund-alg-4sem/Lab2/Karatsuba/build/_deps/googletest-src/googletest/include/gtest/internal/gtest-type-util.h
FN:61,_ZN7testing8internal31CanonicalizeForStdLibVersioningENSt7__cxx1112basic_stringIcSt11char_traitsIcESaIcEEE
FN:91,_ZN7testing8internal11GetTypeNameB5cxx11ERKSt9type_info
FNDA:0,_ZN7testing8internal11GetTypeNameB5cxx11ERKSt9type_info
FNDA:0,_ZN7testing8internal31CanonicalizeForStdLibVersioningENSt7__cxx1112basic_stringIcSt11char_traitsIcESaIcEEE
FNF:2
FNH:0
DA:61,0
DA:63,0
DA:64,0
DA:65,0
DA:67,0
DA:75,0
DA:78,0
DA:79,0
DA:80,0
DA:83,0
DA:84,0
DA:86,0
DA:91,0
DA:92,0
DA:94,0
DA:100,0
DA:101,0
DA:102,0
DA:103,0
DA:121,0
LF:20
LH:0
end_of_record
TN:
SF:/home/pavel/fund-alg-4sem/Lab2/Karatsuba/src/bigint.cpp
FN:14,_ZN4core6BigIntC2Ev
FN:18,_ZN4core6BigIntC2Ex
FN:52,_ZN4core6BigIntC2ERKNSt7__cxx1112basic_stringIcSt11char_traitsIcESaIcEEE
FN:57,_ZN4core6BigInt11from_stringERKNSt7__cxx1112basic_stringIcSt11char_traitsIcESaIcEEE
FN:121,_ZNK4core6BigInt9to_stringB5cxx11Ev
FN:142,_ZN4core6BigIntC2ERKS0_
FN:146,_ZN4core6BigIntC2EOS0_
FN:151,_ZN4core6BigIntaSERKS0_
FN:161,_ZN4core6BigIntaSEOS0_
FN:172,_ZN4core6BigInt4trimEv
FN:184,_ZN4core6BigInt7cmp_absERKS0_S2_
FN:212,_ZN4core6BigInt7add_absERKS0_S2_
FN:247,_ZN4core6BigInt7sub_absERKS0_S2_
FN:279,_ZN4core6BigInt7mul_absERKS0_S2_
FN:315,_ZN4core6BigInt11sub_inplaceERSt6vectorIjSaIjEERKS3_
FN:355,_ZN4core6BigInt7div_modERKS0_S2_RS0_S3_
FN:387,_ZZN4core6BigInt7div_modERKS0_S2_RS0_S3_ENKUlRSt6vectorIjSaIjEEE_clES7_
FN:480,_ZN4core6BigIntpLERKS0_
FN:510,_ZN4core6BigIntmIERKS0_
FN:546,_ZN4core6BigIntmLERKS0_
FN:576,_ZN4core6BigIntdVERKS0_
FN:601,_ZN4coreplENS_6BigIntERKS0_
FN:607,_ZN4coremiENS_6BigIntERKS0_
FN:613,_ZN4coremlENS_6BigIntERKS0_
FN:619,_ZN4coredvENS_6BigIntERKS0_
FN:625,_ZN4coreeqERKNS_6BigIntES2_
FN:651,_ZN4coreneERKNS_6BigIntES2_
FN:656,_ZN4coreltERKNS_6BigIntES2_
FN:694,_ZN4coregtERKNS_6BigIntES2_
FN:699,_ZN4coreleERKNS_6BigIntES2_
FN:704,_ZN4coregeERKNS_6BigIntES2_
FN:709,_ZN4corelsERSoRKNS_6BigIntE
FN:731,_ZN4corersERSiRNS_6BigIntE
FN:742,_ZN4core6BigInt8split_atERKS0_mRS0_S3_
FN:761,_ZN4core6BigInt14shift_base_absERKS0_m
FN:786,_ZN4core6BigInt17mul_karatsuba_absERKS0_S2_
FNDA:383,_ZN4core6BigIntC2Ev
FNDA:2,_ZN4coregeERKNS_6BigIntES2_
FNDA:16,_ZN4core6BigInt7div_modERKS0_S2_RS0_S3_
FNDA:236,_ZN4core6BigIntaSEOS0_
FNDA:48,_ZN4core6BigInt7add_absERKS0_S2_
FNDA:451,_ZN4core6BigInt4trimEv
FNDA:17,_ZN4core6BigIntdVERKS0_
FNDA:88,_ZN4core6BigInt7mul_absERKS0_S2_
FNDA:57,_ZN4core6BigIntC2ERKNSt7__cxx1112basic_stringIcSt11char_traitsIcESaIcEEE
FNDA:154,_ZN4core6BigIntC2EOS0_
FNDA:1,_ZN4coreneERKNS_6BigIntES2_
FNDA:1,_ZN4corersERSiRNS_6BigIntE
FNDA:23,_ZN4core6BigInt7sub_absERKS0_S2_
FNDA:155,_ZN4core6BigIntC2Ex
FNDA:66,_ZN4coremlENS_6BigIntERKS0_
FNDA:1,_ZN4corelsERSoRKNS_6BigIntE
FNDA:4,_ZN4coreplENS_6BigIntERKS0_
FNDA:1,_ZN4coreleERKNS_6BigIntES2_
FNDA:22,_ZN4core6BigInt7cmp_absERKS0_S2_
FNDA:252,_ZN4core6BigIntC2ERKS0_
FNDA:1,_ZN4coremiENS_6BigIntERKS0_
FNDA:2,_ZN4core6BigIntaSERKS0_
FNDA:2,_ZN4coreeqERKNS_6BigIntES2_
FNDA:24591,_ZN4core6BigInt11sub_inplaceERSt6vectorIjSaIjEERKS3_
FNDA:66,_ZN4core6BigIntmLERKS0_
FNDA:22,_ZN4core6BigInt8split_atERKS0_mRS0_S3_
FNDA:24591,_ZZN4core6BigInt7div_modERKS0_S2_RS0_S3_ENKUlRSt6vectorIjSaIjEEE_clES7_
FNDA:44,_ZN4core6BigInt17mul_karatsuba_absERKS0_S2_
FNDA:4,_ZN4core6BigIntpLERKS0_
FNDA:60,_ZN4core6BigInt11from_stringERKNSt7__cxx1112basic_stringIcSt11char_traitsIcESaIcEEE
FNDA:22,_ZN4core6BigInt14shift_base_absERKS0_m
FNDA:1,_ZN4coregtERKNS_6BigIntES2_
FNDA:7,_ZN4coreltERKNS_6BigIntES2_
FNDA:1,_ZN4core6BigIntmIERKS0_
FNDA:17,_ZN4coredvENS_6BigIntERKS0_
FNDA:148,_ZNK4core6BigInt9to_stringB5cxx11Ev
FNF:36
FNH:36
DA:14,383
DA:16,383
DA:18,155
DA:20,155
DA:22,69
DA:23,69
DA:25,1
DA:26,1
DA:27,1
DA:29,1
DA:31,1
DA:33,1
DA:35,1
DA:36,1
DA:37,1
DA:38,1
DA:39,1
DA:40,1
DA:41,68
DA:43,357
DA:45,203
DA:46,203
DA:47,203
DA:49,154
DA:50,0
DA:52,57
DA:54,57
DA:55,57
DA:57,60
DA:59,60
DA:60,60
DA:61,60
DA:62,60
DA:63,66
DA:65,6
DA:67,60
DA:68,60
DA:70,60
DA:72,2
DA:74,58
DA:76,11
DA:77,11
DA:80,60
DA:82,0
DA:84,8227
DA:86,8167
DA:87,8167
DA:89,60
DA:90,75
DA:92,15
DA:94,60
DA:96,5
DA:97,5
DA:98,5
DA:100,995
DA:102,940
DA:103,940
DA:105,3
DA:107,940
DA:108,940
DA:109,9092
DA:111,8152
DA:113,940
DA:114,940
DA:116,55
DA:117,55
DA:118,55
DA:119,60
DA:121,148
DA:123,148
DA:125,4
DA:127,144
DA:128,144
DA:130,49
DA:132,144
DA:133,144
DA:134,1144
DA:136,1000
DA:138,144
DA:139,144
DA:140,144
DA:142,252
DA:144,252
DA:146,154
DA:148,154
DA:149,154
DA:151,2
DA:153,2
DA:155,2
DA:156,2
DA:158,2
DA:161,236
DA:163,236
DA:165,236
DA:166,236
DA:167,236
DA:169,236
DA:172,451
DA:174,461
DA:176,10
DA:178,451
DA:180,15
DA:182,451
DA:184,22
DA:186,22
DA:188,11
DA:190,11
DA:192,0
DA:194,11
DA:195,14
DA:197,13
DA:198,13
DA:199,13
DA:201,7
DA:203,6
DA:205,3
DA:207,3
DA:209,1
DA:212,48
DA:214,48
DA:215,48
DA:216,48
DA:217,48
DA:218,48
DA:219,48
DA:220,48
DA:221,2036
DA:223,1988
DA:224,1988
DA:225,1988
DA:227,1982
DA:229,1988
DA:231,1544
DA:233,1988
DA:234,1988
DA:235,1988
DA:236,1988
DA:238,48
DA:240,0
DA:242,48
DA:243,48
DA:244,48
DA:245,0
DA:247,23
DA:249,23
DA:250,23
DA:251,23
DA:252,23
DA:253,916
DA:255,893
DA:256,893
DA:257,893
DA:259,872
DA:261,893
DA:262,893
DA:264,438
DA:265,438
DA:269,455
DA:271,893
DA:272,893
DA:274,23
DA:275,23
DA:276,23
DA:277,0
DA:279,88
DA:281,88
DA:282,88
DA:284,0
DA:286,88
DA:287,88
DA:288,813
DA:290,725
DA:291,725
DA:292,725
DA:293,14122
DA:295,13397
DA:296,13397
DA:297,13397
DA:298,13397
DA:300,725
DA:301,1435
DA:303,710
DA:304,710
DA:305,710
DA:306,710
DA:308,725
DA:310,88
DA:311,88
DA:312,88
DA:313,0
DA:315,24591
DA:317,24591
DA:319,11456
DA:321,13135
DA:322,13135
DA:323,534054
DA:325,520919
DA:326,520919
DA:327,520919
DA:329,512948
DA:331,520919
DA:332,520919
DA:334,254570
DA:335,254570
DA:339,266349
DA:341,520919
DA:342,520919
DA:344,13135
DA:346,6340
DA:348,10857
DA:350,4062
DA:352,6795
DA:355,16
DA:357,16
DA:359,0
DA:361,16
DA:363,0
DA:364,0
DA:365,0
DA:366,0
DA:367,0
DA:369,16
DA:370,16
DA:372,1
DA:373,1
DA:374,1
DA:375,1
DA:376,1
DA:378,15
DA:380,1
DA:381,1
DA:382,1
DA:383,1
DA:384,1
DA:387,14
DA:389,46464
DA:391,21873
DA:393,24591
DA:395,14
DA:396,14
DA:397,14
DA:398,14
DA:399,14
DA:401,14
DA:402,821
DA:404,807
DA:405,807
DA:406,807
DA:408,0
DA:411,807
DA:412,807
DA:413,807
DA:415,24986
DA:417,24179
DA:418,48358
DA:419,24179
DA:420,24179
DA:421,979678
DA:423,955499
DA:424,955499
DA:425,955499
DA:426,955499
DA:428,24179
DA:429,24179
DA:431,24179
DA:432,24179
DA:433,24179
DA:435,6383
DA:436,6383
DA:440,17796
DA:442,0
DA:444,17796
DA:446,24179
DA:448,807
DA:450,807
DA:452,824
DA:453,412
DA:454,412
DA:455,16620
DA:457,16208
DA:458,16208
DA:459,16208
DA:460,16208
DA:462,412
DA:463,412
DA:464,412
DA:465,412
DA:467,807
DA:470,409
DA:472,395
DA:474,14
DA:475,14
DA:476,14
DA:477,14
DA:480,4
DA:482,4
DA:484,3
DA:485,3
DA:486,3
DA:490,1
DA:491,1
DA:493,1
DA:494,1
DA:496,0
DA:498,1
DA:502,0
DA:503,0
DA:504,0
DA:505,0
DA:506,0
DA:510,1
DA:512,1
DA:514,1
DA:515,1
DA:516,1
DA:517,1
DA:521,0
DA:522,0
DA:524,0
DA:525,0
DA:526,0
DA:528,0
DA:532,0
DA:534,0
DA:538,0
DA:539,0
DA:540,0
DA:541,0
DA:542,0
DA:546,66
DA:548,66
DA:549,66
DA:550,66
DA:551,66
DA:552,66
DA:553,66
DA:554,66
DA:555,66
DA:556,66
DA:558,0
DA:559,0
DA:560,0
DA:561,0
DA:563,66
DA:565,11
DA:569,55
DA:571,66
DA:572,66
DA:573,66
DA:574,66
DA:576,17
DA:578,17
DA:580,1
DA:582,16
DA:583,16
DA:584,16
DA:585,16
DA:586,16
DA:587,16
DA:588,16
DA:589,16
DA:591,15
DA:595,1
DA:597,16
DA:598,16
DA:599,16
DA:601,4
DA:603,4
DA:604,4
DA:607,1
DA:609,1
DA:610,1
DA:613,66
DA:615,66
DA:616,66
DA:619,17
DA:621,17
DA:622,16
DA:625,2
DA:627,2
DA:629,0
DA:631,0
DA:633,0
DA:635,2
DA:637,0
DA:639,2
DA:640,3
DA:642,2
DA:644,1
DA:646,1
DA:648,1
DA:651,1
DA:653,1
DA:656,7
DA:658,7
DA:660,2
DA:662,1
DA:666,1
DA:669,5
DA:670,5
DA:672,5
DA:674,2
DA:678,3
DA:683,0
DA:685,0
DA:689,0
DA:694,1
DA:696,1
DA:699,1
DA:701,1
DA:704,2
DA:706,2
DA:709,1
DA:711,1
DA:713,0
DA:714,0
DA:716,1
DA:718,1
DA:720,1
DA:721,1
DA:722,3
DA:724,2
DA:725,2
DA:726,2
DA:728,1
DA:731,1
DA:733,1
DA:734,1
DA:736,0
DA:738,1
DA:739,1
DA:740,1
DA:742,22
DA:744,22
DA:745,22
DA:746,22
DA:748,0
DA:749,0
DA:750,0
DA:751,0
DA:753,22
DA:754,22
DA:755,22
DA:756,22
DA:757,22
DA:758,22
DA:761,22
DA:763,22
DA:765,0
DA:766,0
DA:767,0
DA:768,22
DA:769,22
DA:770,22
DA:771,682
DA:773,660
DA:774,660
DA:776,22
DA:777,898
DA:779,876
DA:780,876
DA:782,22
DA:783,22
DA:784,22
DA:786,44
DA:788,44
DA:789,44
DA:790,44
DA:792,0
DA:793,0
DA:794,0
DA:795,44
DA:797,33
DA:798,33
DA:799,33
DA:801,11
DA:802,11
DA:804,11
DA:805,11
DA:806,11
DA:808,11
DA:809,11
DA:811,11
DA:812,11
DA:813,11
DA:814,11
DA:815,11
DA:817,11
DA:818,11
DA:819,11
DA:820,11
DA:821,11
DA:822,11
DA:823,11
DA:824,11
LF:495
LH:436
end_of_record
TN:
SF:/home/pavel/fund-alg-4sem/Lab2/Karatsuba/tests/test_karatsuba.cpp
FN:13,_ZN2FxC2Ev
FN:14,_ZN2Fx3numB5cxx11Em
FN:29,_ZN26Fx_ParseBasicAndZeros_Test8TestBodyEv
FN:29,_ZN26Fx_ParseBasicAndZeros_TestD0Ev
FN:29,_ZN26Fx_ParseBasicAndZeros_TestD2Ev
FN:29,_ZN26Fx_ParseBasicAndZeros_TestC2Ev
FN:41,_ZN19Fx_StreamInOut_TestD2Ev
FN:41,_ZN19Fx_StreamInOut_TestC2Ev
FN:41,_ZN19Fx_StreamInOut_TestD0Ev
FN:41,_ZN19Fx_StreamInOut_Test8TestBodyEv
FN:52,_ZN22Fx_CopyMoveAssign_TestD2Ev
FN:52,_ZN22Fx_CopyMoveAssign_Test8TestBodyEv
FN:52,_ZN22Fx_CopyMoveAssign_TestD0Ev
FN:52,_ZN22Fx_CopyMoveAssign_TestC2Ev
FN:65,_ZN24Fx_CompareOperators_TestD0Ev
FN:65,_ZN24Fx_CompareOperators_TestD2Ev
FN:65,_ZN24Fx_CompareOperators_TestC2Ev
FN:65,_ZN24Fx_CompareOperators_Test8TestBodyEv
FN:80,_ZN26Fx_AddSubSignsAndTrim_TestC2Ev
FN:80,_ZN26Fx_AddSubSignsAndTrim_Test8TestBodyEv
FN:80,_ZN26Fx_AddSubSignsAndTrim_TestD2Ev
FN:80,_ZN26Fx_AddSubSignsAndTrim_TestD0Ev
FN:96,_ZN20Fx_MulSmallVsLL_TestD0Ev
FN:96,_ZN20Fx_MulSmallVsLL_Test8TestBodyEv
FN:96,_ZN20Fx_MulSmallVsLL_TestD2Ev
FN:96,_ZN20Fx_MulSmallVsLL_TestC2Ev
FN:109,_ZN27Fx_MulSwitchSmallLarge_TestD0Ev
FN:109,_ZN27Fx_MulSwitchSmallLarge_TestD2Ev
FN:109,_ZN27Fx_MulSwitchSmallLarge_Test8TestBodyEv
FN:109,_ZN27Fx_MulSwitchSmallLarge_TestC2Ev
FN:121,_ZN16Fx_MulSigns_TestD0Ev
FN:121,_ZN16Fx_MulSigns_TestC2Ev
FN:121,_ZN16Fx_MulSigns_Test8TestBodyEv
FN:121,_ZN16Fx_MulSigns_TestD2Ev
FN:131,_ZN24Fx_DivBasicBranches_TestD2Ev
FN:131,_ZN24Fx_DivBasicBranches_TestD0Ev
FN:131,_ZN24Fx_DivBasicBranches_TestC2Ev
FN:131,_ZN24Fx_DivBasicBranches_Test8TestBodyEv
FN:150,_ZN16Fx_DivSigns_TestC2Ev
FN:150,_ZN16Fx_DivSigns_Test8TestBodyEv
FN:150,_ZN16Fx_DivSigns_TestD2Ev
FN:150,_ZN16Fx_DivSigns_TestD0Ev
FN:165,_ZN27Fx_LLongMinConstructor_Test8TestBodyEv
FN:165,_ZN27Fx_LLongMinConstructor_TestD2Ev
FN:165,_ZN27Fx_LLongMinConstructor_TestD0Ev
FN:165,_ZN27Fx_LLongMinConstructor_TestC2Ev
FN:174,_ZN31Fx_RandomKaratsubaProperty_Test8TestBodyEv
FN:174,_ZN31Fx_RandomKaratsubaProperty_TestD0Ev
FN:174,_ZN31Fx_RandomKaratsubaProperty_TestD2Ev
FN:174,_ZN31Fx_RandomKaratsubaProperty_TestC2Ev
FNDA:1,_ZN24Fx_CompareOperators_Test8TestBodyEv
FNDA:1,_ZN26Fx_ParseBasicAndZeros_TestC2Ev
FNDA:1,_ZN16Fx_DivSigns_TestD0Ev
FNDA:1,_ZN26Fx_ParseBasicAndZeros_TestD2Ev
FNDA:1,_ZN19Fx_StreamInOut_Test8TestBodyEv
FNDA:1,_ZN27Fx_MulSwitchSmallLarge_TestC2Ev
FNDA:1,_ZN27Fx_LLongMinConstructor_TestC2Ev
FNDA:1,_ZN16Fx_DivSigns_TestD2Ev
FNDA:1,_ZN22Fx_CopyMoveAssign_TestC2Ev
FNDA:1,_ZN19Fx_StreamInOut_TestD0Ev
FNDA:1,_ZN16Fx_MulSigns_TestD2Ev
FNDA:1,_ZN31Fx_RandomKaratsubaProperty_TestC2Ev
FNDA:1,_ZN31Fx_RandomKaratsubaProperty_TestD2Ev
FNDA:1,_ZN27Fx_MulSwitchSmallLarge_Test8TestBodyEv
FNDA:1,_ZN26Fx_ParseBasicAndZeros_TestD0Ev
FNDA:1,_ZN16Fx_DivSigns_Test8TestBodyEv
FNDA:1,_ZN16Fx_DivSigns_TestC2Ev
FNDA:1,_ZN20Fx_MulSmallVsLL_TestC2Ev
FNDA:1,_ZN24Fx_CompareOperators_TestC2Ev
FNDA:1,_ZN27Fx_LLongMinConstructor_TestD0Ev
FNDA:1,_ZN31Fx_RandomKaratsubaProperty_TestD0Ev
FNDA:1,_ZN16Fx_MulSigns_Test8TestBodyEv
FNDA:1,_ZN24Fx_DivBasicBranches_Test8TestBodyEv
FNDA:1,_ZN26Fx_AddSubSignsAndTrim_Test8TestBodyEv
FNDA:1,_ZN19Fx_StreamInOut_TestC2Ev
FNDA:1,_ZN24Fx_DivBasicBranches_TestC2Ev
FNDA:1,_ZN26Fx_AddSubSignsAndTrim_TestD2Ev
FNDA:1,_ZN24Fx_CompareOperators_TestD2Ev
FNDA:1,_ZN26Fx_AddSubSignsAndTrim_TestD0Ev
FNDA:12,_ZN2FxC2Ev
FNDA:1,_ZN24Fx_DivBasicBranches_TestD0Ev
FNDA:1,_ZN27Fx_LLongMinConstructor_TestD2Ev
FNDA:1,_ZN31Fx_RandomKaratsubaProperty_Test8TestBodyEv
FNDA:1,_ZN19Fx_StreamInOut_TestD2Ev
FNDA:1,_ZN16Fx_MulSigns_TestC2Ev
FNDA:1,_ZN22Fx_CopyMoveAssign_TestD0Ev
FNDA:1,_ZN22Fx_CopyMoveAssign_TestD2Ev
FNDA:1,_ZN27Fx_MulSwitchSmallLarge_TestD0Ev
FNDA:1,_ZN27Fx_MulSwitchSmallLarge_TestD2Ev
FNDA:1,_ZN20Fx_MulSmallVsLL_TestD2Ev
FNDA:24,_ZN2Fx3numB5cxx11Em
FNDA:1,_ZN22Fx_CopyMoveAssign_Test8TestBodyEv
FNDA:1,_ZN26Fx_AddSubSignsAndTrim_TestC2Ev
FNDA:1,_ZN16Fx_MulSigns_TestD0Ev
FNDA:1,_ZN24Fx_CompareOperators_TestD0Ev
FNDA:1,_ZN27Fx_LLongMinConstructor_Test8TestBodyEv
FNDA:1,_ZN24Fx_DivBasicBranches_TestD2Ev
FNDA:1,_ZN26Fx_ParseBasicAndZeros_Test8TestBodyEv
FNDA:1,_ZN20Fx_MulSmallVsLL_TestD0Ev
FNDA:1,_ZN20Fx_MulSmallVsLL_Test8TestBodyEv
FNF:50
FNH:50
DA:13,12
DA:14,24
DA:16,24
DA:17,0
DA:18,24
DA:19,24
DA:20,24
DA:21,24
DA:22,24
DA:23,7905
DA:24,7881
DA:25,24
DA:26,24
DA:29,4
DA:31,3
DA:32,2
DA:33,4
DA:34,2
DA:35,4
DA:36,2
DA:37,4
DA:38,2
DA:39,2
DA:41,4
DA:43,1
DA:44,1
DA:45,2
DA:46,2
DA:47,4
DA:48,1
DA:49,2
DA:50,2
DA:52,4
DA:54,3
DA:55,1
DA:56,2
DA:57,2
DA:58,2
DA:59,1
DA:60,2
DA:61,1
DA:62,2
DA:63,2
DA:65,4
DA:67,3
DA:68,3
DA:69,1
DA:70,1
DA:71,1
DA:72,1
DA:73,1
DA:74,1
DA:75,6
DA:76,1
DA:77,1
DA:78,2
DA:80,4
DA:82,3
DA:83,3
DA:84,2
DA:85,2
DA:86,6
DA:87,3
DA:88,2
DA:89,6
DA:90,3
DA:91,2
DA:92,3
DA:93,2
DA:94,2
DA:96,4
DA:98,51
DA:100,50
DA:101,50
DA:102,50
DA:103,100
DA:104,50
DA:105,150
DA:106,50
DA:107,1
DA:109,4
DA:111,2
DA:112,2
DA:113,2
DA:114,2
DA:115,3
DA:116,3
DA:117,3
DA:118,2
DA:119,2
DA:121,4
DA:123,3
DA:124,3
DA:125,2
DA:126,2
DA:127,3
DA:128,2
DA:129,2
DA:131,4
DA:133,3
DA:134,3
DA:135,3
DA:136,3
DA:137,6
DA:138,3
DA:139,2
DA:140,3
DA:141,2
DA:142,4
DA:143,4
DA:144,3
DA:145,3
DA:146,5
DA:147,3
DA:148,2
DA:150,4
DA:152,3
DA:153,3
DA:154,2
DA:155,2
DA:156,4
DA:157,4
DA:158,3
DA:159,2
DA:160,6
DA:161,3
DA:162,2
DA:163,2
DA:165,4
DA:167,1
DA:168,1
DA:169,1
DA:170,1
DA:171,3
DA:172,2
DA:174,4
DA:176,11
DA:178,10
DA:179,10
DA:180,10
DA:181,20
DA:182,20
DA:183,30
DA:184,10
DA:185,1
LF:145
LH:144
end_of_record
TN:
SF:/usr/include/c++/11/bits/alloc_traits.h
FN:463,_ZNSt16allocator_traitsISaIjEE8allocateERS0_m
FN:463,_ZNSt16allocator_traitsISaIcEE8allocateERS0_m
FN:495,_ZNSt16allocator_traitsISaIcEE10deallocateERS0_Pcm
FN:495,_ZNSt16allocator_traitsISaIjEE10deallocateERS0_Pjm
FN:511,_ZNSt16allocator_traitsISaIjEE9constructIjJjEEEvRS0_PT_DpOT0_
FN:511,_ZNSt16allocator_traitsISaIjEE9constructIjJRKjEEEvRS0_PT_DpOT0_
FN:531,_ZNSt16allocator_traitsISaIjEE7destroyIjEEvRS0_PT_
FN:547,_ZNSt16allocator_traitsISaIcEE8max_sizeERKS0_
FN:547,_ZNSt16allocator_traitsISaIjEE8max_sizeERKS0_
FN:562,_ZNSt16allocator_traitsISaIjEE37select_on_container_copy_constructionERKS0_
FN:562,_ZNSt16allocator_traitsISaIcEE37select_on_container_copy_constructionERKS0_
FN:678,_ZSt15__alloc_on_copyISaIjEEvRT_RKS1_
FN:710,_ZSt15__alloc_on_moveISaIjEEvRT_S2_
FN:845,_ZSt8_DestroyIN9__gnu_cxx17__normal_iteratorIPjSt6vectorIjSaIjEEEEjEvT_S7_RSaIT0_E
FN:845,_ZSt8_DestroyIPjjEvT_S1_RSaIT0_E
FNDA:369,_ZNSt16allocator_traitsISaIcEE8allocateERS0_m
FNDA:630,_ZNSt16allocator_traitsISaIcEE8max_sizeERKS0_
FNDA:49689,_ZNSt16allocator_traitsISaIjEE8allocateERS0_m
FNDA:368,_ZNSt16allocator_traitsISaIcEE10deallocateERS0_Pcm
FNDA:24431,_ZNSt16allocator_traitsISaIjEE37select_on_container_copy_constructionERKS0_
FNDA:101,_ZNSt16allocator_traitsISaIcEE37select_on_container_copy_constructionERKS0_
FNDA:0,_ZSt15__alloc_on_copyISaIjEEvRT_RKS1_
FNDA:25946,_ZNSt16allocator_traitsISaIjEE8max_sizeERKS0_
FNDA:807,_ZNSt16allocator_traitsISaIjEE9constructIjJjEEEvRS0_PT_DpOT0_
FNDA:236,_ZSt15__alloc_on_moveISaIjEEvRT_S2_
FNDA:0,_ZSt8_DestroyIN9__gnu_cxx17__normal_iteratorIPjSt6vectorIjSaIjEEEEjEvT_S7_RSaIT0_E
FNDA:50156,_ZSt8_DestroyIPjjEvT_S1_RSaIT0_E
FNDA:26340,_ZNSt16allocator_traitsISaIjEE7destroyIjEEvRS0_PT_
FNDA:1143,_ZNSt16allocator_traitsISaIjEE9constructIjJRKjEEEvRS0_PT_DpOT0_
FNDA:49689,_ZNSt16allocator_traitsISaIjEE10deallocateERS0_Pjm
FNF:15
FNH:13
DA:463,50058
DA:464,50058
DA:495,50057
DA:496,50057
DA:511,1950
DA:518,1950
DA:520,1950
DA:531,26340
DA:537,26340
DA:539,26340
DA:547,26576
DA:552,26576
DA:562,24532
DA:563,24532
DA:678,0
DA:688,0
DA:710,236
DA:716,236
DA:720,236
DA:845,50156
DA:848,50156
DA:849,50156
LF:22
LH:20
end_of_record
TN:
SF:/usr/include/c++/11/bits/allocator.h
FN:156,_ZNSaIjEC2Ev
FN:159,_ZNSaIjEC2ERKS_
FN:174,_ZNSaIjED2Ev
FN:204,_ZSteqRKSaIjES1_
FNDA:0,_ZSteqRKSaIjES1_
FNDA:98920,_ZNSaIjEC2ERKS_
FNDA:25186,_ZNSaIjEC2Ev
FNDA:124106,_ZNSaIjED2Ev
FNF:4
FNH:3
DA:156,25186
DA:159,98920
DA:160,98920
DA:174,124106
DA:182,50058
DA:183,0
DA:185,50058
DA:193,50057
DA:195,0
DA:196,0
DA:199,50057
DA:204,0
DA:205,0
LF:13
LH:8
end_of_record
TN:
SF:/usr/include/c++/11/bits/basic_string.h
FN:164,_ZNSt7__cxx1112basic_stringIcSt11char_traitsIcESaIcEE12_Alloc_hiderC2EPcRKS3_
FN:167,_ZNSt7__cxx1112basic_stringIcSt11char_traitsIcESaIcEE12_Alloc_hiderC2EPcOS3_
FN:186,_ZNSt7__cxx1112basic_stringIcSt11char_traitsIcESaIcEE7_M_dataEPc
FN:190,_ZNSt7__cxx1112basic_stringIcSt11char_traitsIcESaIcEE9_M_lengthEm
FN:194,_ZNKSt7__cxx1112basic_stringIcSt11char_traitsIcESaIcEE7_M_dataEv
FN:198,_ZNSt7__cxx1112basic_stringIcSt11char_traitsIcESaIcEE13_M_local_dataEv
FN:208,_ZNKSt7__cxx1112basic_stringIcSt11char_traitsIcESaIcEE13_M_local_dataEv
FN:218,_ZNSt7__cxx1112basic_stringIcSt11char_traitsIcESaIcEE11_M_capacityEm
FN:222,_ZNSt7__cxx1112basic_stringIcSt11char_traitsIcESaIcEE13_M_set_lengthEm
FN:229,_ZNKSt7__cxx1112basic_stringIcSt11char_traitsIcESaIcEE11_M_is_localEv
FN:237,_ZNSt7__cxx1112basic_stringIcSt11char_traitsIcESaIcEE10_M_disposeEv
FN:244,_ZNSt7__cxx1112basic_stringIcSt11char_traitsIcESaIcEE10_M_destroyEm
FN:251,_ZNSt7__cxx1112basic_stringIcSt11char_traitsIcESaIcEE16_M_construct_auxIPcEEvT_S7_St12__false_type
FN:271,_ZNSt7__cxx1112basic_stringIcSt11char_traitsIcESaIcEE12_M_constructIPcEEvT_S7_
FN:294,_ZNSt7__cxx1112basic_stringIcSt11char_traitsIcESaIcEE16_M_get_allocatorEv
FN:298,_ZNKSt7__cxx1112basic_stringIcSt11char_traitsIcESaIcEE16_M_get_allocatorEv
FN:318,_ZNKSt7__cxx1112basic_stringIcSt11char_traitsIcESaIcEE8_M_checkEmPKc
FN:328,_ZNKSt7__cxx1112basic_stringIcSt11char_traitsIcESaIcEE15_M_check_lengthEmmPKc
FN:337,_ZNKSt7__cxx1112basic_stringIcSt11char_traitsIcESaIcEE8_M_limitEmm
FN:345,_ZNKSt7__cxx1112basic_stringIcSt11char_traitsIcESaIcEE11_M_disjunctEPKc
FN:354,_ZNSt7__cxx1112basic_stringIcSt11char_traitsIcESaIcEE7_S_copyEPcPKcm
FN:363,_ZNSt7__cxx1112basic_stringIcSt11char_traitsIcESaIcEE7_S_moveEPcPKcm
FN:372,_ZNSt7__cxx1112basic_stringIcSt11char_traitsIcESaIcEE9_S_assignEPcmc
FN:400,_ZNSt7__cxx1112basic_stringIcSt11char_traitsIcESaIcEE13_S_copy_charsEPcS5_S5_
FN:404,_ZNSt7__cxx1112basic_stringIcSt11char_traitsIcESaIcEE13_S_copy_charsEPcPKcS7_
FN:409,_ZNSt7__cxx1112basic_stringIcSt11char_traitsIcESaIcEE10_S_compareEmm
FN:439,_ZNSt7__cxx1112basic_stringIcSt11char_traitsIcESaIcEEC2Ev
FN:456,_ZNSt7__cxx1112basic_stringIcSt11char_traitsIcESaIcEEC2ERKS4_
FN:533,_ZNSt7__cxx1112basic_stringIcSt11char_traitsIcESaIcEEC2IS3_EEPKcRKS3_
FN:553,_ZNSt7__cxx1112basic_stringIcSt11char_traitsIcESaIcEEC2IS3_EEmcRKS3_
FN:565,_ZNSt7__cxx1112basic_stringIcSt11char_traitsIcESaIcEEC2EOS4_
FN:671,_ZNSt7__cxx1112basic_stringIcSt11char_traitsIcESaIcEED2Ev
FN:689,_ZNSt7__cxx1112basic_stringIcSt11char_traitsIcESaIcEEaSEPKc
FN:920,_ZNKSt7__cxx1112basic_stringIcSt11char_traitsIcESaIcEE4sizeEv
FN:926,_ZNKSt7__cxx1112basic_stringIcSt11char_traitsIcESaIcEE6lengthEv
FN:931,_ZNKSt7__cxx1112basic_stringIcSt11char_traitsIcESaIcEE8max_sizeEv
FN:958,_ZNSt7__cxx1112basic_stringIcSt11char_traitsIcESaIcEE6resizeEm
FN:976,_ZNKSt7__cxx1112basic_stringIcSt11char_traitsIcESaIcEE8capacityEv
FN:1038,_ZNKSt7__cxx1112basic_stringIcSt11char_traitsIcESaIcEEixEm
FN:1055,_ZNSt7__cxx1112basic_stringIcSt11char_traitsIcESaIcEEixEm
FN:1160,_ZNSt7__cxx1112basic_stringIcSt11char_traitsIcESaIcEEpLERKS4_
FN:1169,_ZNSt7__cxx1112basic_stringIcSt11char_traitsIcESaIcEEpLEPKc
FN:1213,_ZNSt7__cxx1112basic_stringIcSt11char_traitsIcESaIcEE6appendERKS4_
FN:1255,_ZNSt7__cxx1112basic_stringIcSt11char_traitsIcESaIcEE6appendEPKc
FN:1272,_ZNSt7__cxx1112basic_stringIcSt11char_traitsIcESaIcEE6appendEmc
FN:1341,_ZNSt7__cxx1112basic_stringIcSt11char_traitsIcESaIcEE9push_backEc
FN:1456,_ZNSt7__cxx1112basic_stringIcSt11char_traitsIcESaIcEE6assignEPKc
FN:1827,_ZNSt7__cxx1112basic_stringIcSt11char_traitsIcESaIcEE5eraseEmm
FN:1956,_ZNSt7__cxx1112basic_stringIcSt11char_traitsIcESaIcEE7replaceEmmPKcm
FN:1981,_ZNSt7__cxx1112basic_stringIcSt11char_traitsIcESaIcEE7replaceEmmPKc
FN:2320,_ZNKSt7__cxx1112basic_stringIcSt11char_traitsIcESaIcEE5c_strEv
FN:2332,_ZNKSt7__cxx1112basic_stringIcSt11char_traitsIcESaIcEE4dataEv
FN:2413,_ZNKSt7__cxx1112basic_stringIcSt11char_traitsIcESaIcEE4findEPKcm
FN:6234,_ZSteqIcEN9__gnu_cxx11__enable_ifIXsrSt9__is_charIT_E7__valueEbE6__typeERKNSt7__cxx1112basic_stringIS3_St11char_traitsIS3_ESaIS3_EEESE_
FN:6248,_ZSteqIcSt11char_traitsIcESaIcEEbRKNSt7__cxx1112basic_stringIT_T0_T1_EEPKS5_
FN:6698,_ZNSt7__cxx119to_stringEx
FNDA:9128,_ZNSt7__cxx1112basic_stringIcSt11char_traitsIcESaIcEE9push_backEc
FNDA:630,_ZNKSt7__cxx1112basic_stringIcSt11char_traitsIcESaIcEE8max_sizeEv
FNDA:101,_ZNSt7__cxx1112basic_stringIcSt11char_traitsIcESaIcEE12_M_constructIPcEEvT_S7_
FNDA:0,_ZNKSt7__cxx1112basic_stringIcSt11char_traitsIcESaIcEE4findEPKcm
FNDA:1622,_ZNKSt7__cxx1112basic_stringIcSt11char_traitsIcESaIcEE6lengthEv
FNDA:1334,_ZNSt7__cxx1112basic_stringIcSt11char_traitsIcESaIcEE10_M_disposeEv
FNDA:16130,_ZNSt7__cxx1112basic_stringIcSt11char_traitsIcESaIcEEixEm
FNDA:368,_ZNSt7__cxx1112basic_stringIcSt11char_traitsIcESaIcEEC2Ev
FNDA:171,_ZNKSt7__cxx1112basic_stringIcSt11char_traitsIcESaIcEE4dataEv
FNDA:0,_ZNSt7__cxx1112basic_stringIcSt11char_traitsIcESaIcEE7_S_moveEPcPKcm
FNDA:1,_ZNSt7__cxx1112basic_stringIcSt11char_traitsIcESaIcEEC2IS3_EEmcRKS3_
FNDA:129,_ZNSt7__cxx1112basic_stringIcSt11char_traitsIcESaIcEE12_Alloc_hiderC2EPcRKS3_
FNDA:0,_ZNSt7__cxx1112basic_stringIcSt11char_traitsIcESaIcEE7replaceEmmPKcm
FNDA:494,_ZNSt7__cxx1112basic_stringIcSt11char_traitsIcESaIcEE11_M_capacityEm
FNDA:787,_ZNSt7__cxx1112basic_stringIcSt11char_traitsIcESaIcEE7_S_copyEPcPKcm
FNDA:25,_ZNSt7__cxx1112basic_stringIcSt11char_traitsIcESaIcEE9_S_assignEPcmc
FNDA:156,_ZNSt7__cxx1112basic_stringIcSt11char_traitsIcESaIcEE6appendERKS4_
FNDA:101,_ZNSt7__cxx1112basic_stringIcSt11char_traitsIcESaIcEE13_S_copy_charsEPcS5_S5_
FNDA:144,_ZNSt7__cxx1112basic_stringIcSt11char_traitsIcESaIcEEpLERKS4_
FNDA:11535,_ZNKSt7__cxx1112basic_stringIcSt11char_traitsIcESaIcEE13_M_local_dataEv
FNDA:10377,_ZNSt7__cxx1112basic_stringIcSt11char_traitsIcESaIcEE13_M_set_lengthEm
FNDA:21,_ZNSt7__cxx1112basic_stringIcSt11char_traitsIcESaIcEE10_S_compareEmm
FNDA:232,_ZNSt7__cxx1112basic_stringIcSt11char_traitsIcESaIcEEC2EOS4_
FNDA:0,_ZNSt7__cxx1112basic_stringIcSt11char_traitsIcESaIcEE7replaceEmmPKc
FNDA:0,_ZNSt7__cxx1112basic_stringIcSt11char_traitsIcESaIcEE6assignEPKc
FNDA:134,_ZNSt7__cxx1112basic_stringIcSt11char_traitsIcESaIcEE13_S_copy_charsEPcPKcS7_
FNDA:116,_ZNSt7__cxx1112basic_stringIcSt11char_traitsIcESaIcEEC2IS3_EEPKcRKS3_
FNDA:707,_ZNSt7__cxx1112basic_stringIcSt11char_traitsIcESaIcEE12_Alloc_hiderC2EPcOS3_
FNDA:61,_ZSteqIcEN9__gnu_cxx11__enable_ifIXsrSt9__is_charIT_E7__valueEbE6__typeERKNSt7__cxx1112basic_stringIS3_St11char_traitsIS3_ESaIS3_EEESE_
FNDA:1068,_ZNSt7__cxx1112basic_stringIcSt11char_traitsIcESaIcEE13_M_local_dataEv
FNDA:101,_ZNSt7__cxx1112basic_stringIcSt11char_traitsIcESaIcEE16_M_construct_auxIPcEEvT_S7_St12__false_type
FNDA:66720,_ZNKSt7__cxx1112basic_stringIcSt11char_traitsIcESaIcEE7_M_dataEv
FNDA:16579,_ZNKSt7__cxx1112basic_stringIcSt11char_traitsIcESaIcEEixEm
FNDA:0,_ZNSt7__cxx1112basic_stringIcSt11char_traitsIcESaIcEEaSEPKc
FNDA:885,_ZNKSt7__cxx1112basic_stringIcSt11char_traitsIcESaIcEE5c_strEv
FNDA:1045,_ZNSt7__cxx1112basic_stringIcSt11char_traitsIcESaIcEED2Ev
FNDA:10729,_ZNSt7__cxx1112basic_stringIcSt11char_traitsIcESaIcEE9_M_lengthEm
FNDA:101,_ZNSt7__cxx1112basic_stringIcSt11char_traitsIcESaIcEEC2ERKS4_
FNDA:21,_ZSteqIcSt11char_traitsIcESaIcEEbRKNSt7__cxx1112basic_stringIT_T0_T1_EEPKS5_
FNDA:9849,_ZNKSt7__cxx1112basic_stringIcSt11char_traitsIcESaIcEE8capacityEv
FNDA:0,_ZNSt7__cxx1112basic_stringIcSt11char_traitsIcESaIcEEpLEPKc
FNDA:26,_ZNSt7__cxx1112basic_stringIcSt11char_traitsIcESaIcEE6appendEPKc
FNDA:731,_ZNKSt7__cxx1112basic_stringIcSt11char_traitsIcESaIcEE16_M_get_allocatorEv
FNDA:6,_ZNKSt7__cxx1112basic_stringIcSt11char_traitsIcESaIcEE8_M_limitEmm
FNDA:785,_ZNSt7__cxx1112basic_stringIcSt11char_traitsIcESaIcEE7_M_dataEPc
FNDA:110,_ZNKSt7__cxx1112basic_stringIcSt11char_traitsIcESaIcEE15_M_check_lengthEmmPKc
FNDA:1,_ZNSt7__cxx119to_stringEx
FNDA:12,_ZNKSt7__cxx1112basic_stringIcSt11char_traitsIcESaIcEE8_M_checkEmPKc
FNDA:18971,_ZNKSt7__cxx1112basic_stringIcSt11char_traitsIcESaIcEE4sizeEv
FNDA:1089,_ZNSt7__cxx1112basic_stringIcSt11char_traitsIcESaIcEE16_M_get_allocatorEv
FNDA:24,_ZNSt7__cxx1112basic_stringIcSt11char_traitsIcESaIcEE6resizeEm
FNDA:60,_ZNKSt7__cxx1112basic_stringIcSt11char_traitsIcESaIcEE11_M_disjunctEPKc
FNDA:0,_ZNSt7__cxx1112basic_stringIcSt11char_traitsIcESaIcEE5eraseEmm
FNDA:368,_ZNSt7__cxx1112basic_stringIcSt11char_traitsIcESaIcEE10_M_destroyEm
FNDA:24,_ZNSt7__cxx1112basic_stringIcSt11char_traitsIcESaIcEE6appendEmc
FNDA:11535,_ZNKSt7__cxx1112basic_stringIcSt11char_traitsIcESaIcEE11_M_is_localEv
FNF:56
FNH:48
DA:164,129
DA:165,129
DA:167,707
DA:168,707
DA:186,785
DA:187,785
DA:190,10729
DA:191,10729
DA:194,66720
DA:195,66720
DA:198,1068
DA:201,1068
DA:208,11535
DA:211,11535
DA:218,494
DA:219,494
DA:222,10377
DA:224,10377
DA:225,10377
DA:226,10377
DA:229,11535
DA:230,11535
DA:237,1334
DA:239,1334
DA:240,368
DA:241,1334
DA:244,368
DA:245,368
DA:251,101
DA:255,101
DA:256,101
DA:271,101
DA:274,101
DA:275,101
DA:294,1089
DA:295,1089
DA:298,731
DA:299,731
DA:318,12
DA:320,12
DA:321,0
DA:324,12
DA:328,110
DA:330,110
DA:331,0
DA:332,110
DA:337,6
DA:339,6
DA:340,6
DA:345,60
DA:347,180
DA:348,120
DA:354,787
DA:356,787
DA:357,170
DA:359,617
DA:360,787
DA:363,0
DA:365,0
DA:366,0
DA:368,0
DA:369,0
DA:372,25
DA:374,25
DA:375,0
DA:377,25
DA:378,25
DA:400,101
DA:401,101
DA:404,134
DA:406,134
DA:409,21
DA:411,21
DA:413,21
DA:414,0
DA:415,21
DA:416,0
DA:418,21
DA:439,368
DA:441,368
DA:442,368
DA:456,101
DA:457,202
DA:458,101
DA:459,101
DA:533,116
DA:534,116
DA:536,116
DA:539,116
DA:540,116
DA:553,1
DA:554,1
DA:555,1
DA:565,232
DA:566,232
DA:568,232
DA:570,168
DA:575,64
DA:576,64
DA:582,232
DA:583,232
DA:584,232
DA:585,232
DA:671,1045
DA:672,1045
DA:689,0
DA:690,0
DA:920,18971
DA:921,18971
DA:926,1622
DA:927,1622
DA:931,630
DA:932,630
DA:958,24
DA:959,24
DA:976,9849
DA:978,9849
DA:979,9849
DA:1038,16579
DA:1040,16579
DA:1041,16579
DA:1055,16130
DA:1059,16130
DA:1062,16130
DA:1160,144
DA:1161,144
DA:1169,0
DA:1170,0
DA:1213,156
DA:1214,156
DA:1255,26
DA:1258,26
DA:1259,26
DA:1260,26
DA:1272,24
DA:1273,24
DA:1341,9128
DA:1343,9128
DA:1344,9128
DA:1345,122
DA:1346,9128
DA:1347,9128
DA:1348,9128
DA:1456,0
DA:1459,0
DA:1460,0
DA:1827,0
DA:1829,0
DA:1830,0
DA:1831,0
DA:1832,0
DA:1833,0
DA:1834,0
DA:1956,0
DA:1960,0
DA:1961,0
DA:1981,0
DA:1984,0
DA:2320,885
DA:2321,885
DA:2332,171
DA:2333,171
DA:2413,0
DA:2416,0
DA:6234,61
DA:6236,61
DA:6237,61
DA:6238,61
DA:6248,21
DA:6250,21
DA:6698,1
DA:6700,1
DA:6701,1
DA:6702,1
DA:6703,1
DA:6704,2
DA:6705,1
DA:6706,1
DA:6707,0
LF:179
LH:147
end_of_record
TN:
SF:/usr/include/c++/11/bits/basic_string.tcc
FN:132,_ZNSt7__cxx1112basic_stringIcSt11char_traitsIcESaIcEE9_M_createERmm
FN:206,_ZNSt7__cxx1112basic_stringIcSt11char_traitsIcESaIcEE12_M_constructIPKcEEvT_S8_St20forward_iterator_tag
FN:206,_ZNSt7__cxx1112basic_stringIcSt11char_traitsIcESaIcEE12_M_constructIPcEEvT_S7_St20forward_iterator_tag
FN:237,_ZNSt7__cxx1112basic_stringIcSt11char_traitsIcESaIcEE12_M_constructEmc
FN:300,_ZNSt7__cxx1112basic_stringIcSt11char_traitsIcESaIcEE9_M_mutateEmmPKcm
FN:324,_ZNSt7__cxx1112basic_stringIcSt11char_traitsIcESaIcEE8_M_eraseEmm
FN:372,_ZNSt7__cxx1112basic_stringIcSt11char_traitsIcESaIcEE6resizeEmc
FN:384,_ZNSt7__cxx1112basic_stringIcSt11char_traitsIcESaIcEE9_M_appendEPKcm
FN:419,_ZNSt7__cxx1112basic_stringIcSt11char_traitsIcESaIcEE14_M_replace_auxEmmmc
FN:448,_ZNSt7__cxx1112basic_stringIcSt11char_traitsIcESaIcEE10_M_replaceEmmPKcm
FN:1207,_ZNKSt7__cxx1112basic_stringIcSt11char_traitsIcESaIcEE4findEPKcmm
FN:1437,_ZNKSt7__cxx1112basic_stringIcSt11char_traitsIcESaIcEE7compareEPKc
FN:1452,_ZNKSt7__cxx1112basic_stringIcSt11char_traitsIcESaIcEE7compareEmmPKc
FNDA:60,_ZNSt7__cxx1112basic_stringIcSt11char_traitsIcESaIcEE10_M_replaceEmmPKcm
FNDA:122,_ZNSt7__cxx1112basic_stringIcSt11char_traitsIcESaIcEE12_M_constructIPKcEEvT_S8_St20forward_iterator_tag
FNDA:183,_ZNSt7__cxx1112basic_stringIcSt11char_traitsIcESaIcEE9_M_appendEPKcm
FNDA:0,_ZNSt7__cxx1112basic_stringIcSt11char_traitsIcESaIcEE8_M_eraseEmm
FNDA:21,_ZNKSt7__cxx1112basic_stringIcSt11char_traitsIcESaIcEE7compareEPKc
FNDA:101,_ZNSt7__cxx1112basic_stringIcSt11char_traitsIcESaIcEE12_M_constructIPcEEvT_S7_St20forward_iterator_tag
FNDA:24,_ZNSt7__cxx1112basic_stringIcSt11char_traitsIcESaIcEE6resizeEmc
FNDA:1,_ZNSt7__cxx1112basic_stringIcSt11char_traitsIcESaIcEE12_M_constructEmc
FNDA:185,_ZNSt7__cxx1112basic_stringIcSt11char_traitsIcESaIcEE9_M_mutateEmmPKcm
FNDA:24,_ZNSt7__cxx1112basic_stringIcSt11char_traitsIcESaIcEE14_M_replace_auxEmmmc
FNDA:0,_ZNKSt7__cxx1112basic_stringIcSt11char_traitsIcESaIcEE4findEPKcmm
FNDA:369,_ZNSt7__cxx1112basic_stringIcSt11char_traitsIcESaIcEE9_M_createERmm
FNDA:0,_ZNKSt7__cxx1112basic_stringIcSt11char_traitsIcESaIcEE7compareEmmPKc
FNF:13
FNH:10
DA:132,369
DA:137,369
DA:138,0
DA:143,369
DA:145,151
DA:147,151
DA:148,0
DA:153,369
DA:206,223
DA:211,223
DA:212,0
DA:215,223
DA:217,223
DA:219,72
DA:220,72
DA:225,223
DA:232,223
DA:233,223
DA:237,1
DA:240,1
DA:242,1
DA:243,1
DA:246,1
DA:247,1
DA:249,1
DA:250,1
DA:300,185
DA:304,185
DA:306,185
DA:307,185
DA:309,185
DA:310,133
DA:311,185
DA:312,39
DA:313,185
DA:314,0
DA:315,0
DA:317,185
DA:318,185
DA:319,185
DA:320,185
DA:324,0
DA:327,0
DA:329,0
DA:330,0
DA:332,0
DA:333,0
DA:372,24
DA:375,24
DA:376,24
DA:377,24
DA:378,0
DA:379,0
DA:380,24
DA:384,183
DA:387,183
DA:389,183
DA:391,144
DA:392,144
DA:395,39
DA:397,183
DA:398,183
DA:419,24
DA:423,24
DA:425,24
DA:426,24
DA:428,24
DA:430,0
DA:432,0
DA:433,0
DA:434,0
DA:437,24
DA:439,24
DA:440,24
DA:442,24
DA:443,24
DA:448,60
DA:452,60
DA:454,60
DA:455,60
DA:457,60
DA:459,60
DA:461,60
DA:462,60
DA:464,60
DA:465,0
DA:466,60
DA:467,60
DA:472,0
DA:473,0
DA:474,0
DA:475,0
DA:476,0
DA:478,0
DA:479,0
DA:480,0
DA:484,0
DA:485,0
DA:489,0
DA:490,0
DA:491,0
DA:498,0
DA:500,60
DA:501,60
DA:1207,0
DA:1212,0
DA:1214,0
DA:1215,0
DA:1216,0
DA:1217,0
DA:1219,0
DA:1220,0
DA:1221,0
DA:1222,0
DA:1223,0
DA:1225,0
DA:1228,0
DA:1229,0
DA:1230,0
DA:1234,0
DA:1235,0
DA:1236,0
DA:1238,0
DA:1437,21
DA:1441,21
DA:1442,21
DA:1443,21
DA:1444,21
DA:1445,21
DA:1446,21
DA:1447,21
DA:1452,0
DA:1456,0
DA:1457,0
DA:1458,0
DA:1459,0
DA:1460,0
DA:1461,0
DA:1462,0
DA:1463,0
LF:140
LH:80
end_of_record
TN:
SF:/usr/include/c++/11/bits/char_traits.h
FN:106,_ZN9__gnu_cxx11char_traitsIcE2eqERKcS3_
FN:167,_ZN9__gnu_cxx11char_traitsIcE6lengthEPKc
FN:178,_ZN9__gnu_cxx11char_traitsIcE4findEPKcmRS2_
FN:190,_ZN9__gnu_cxx11char_traitsIcE4moveEPcPKcm
FN:240,_ZN9__gnu_cxx11char_traitsIcE4copyEPcPKcm
FN:251,_ZN9__gnu_cxx11char_traitsIcE6assignEPcmc
FN:356,_ZNSt11char_traitsIcE6assignERcRKc
FN:364,_ZNSt11char_traitsIcE2ltERKcS2_
FN:372,_ZNSt11char_traitsIcE7compareEPKcS2_m
FN:393,_ZNSt11char_traitsIcE6lengthEPKc
FN:403,_ZNSt11char_traitsIcE4findEPKcmRS1_
FN:417,_ZNSt11char_traitsIcE4moveEPcPKcm
FN:429,_ZNSt11char_traitsIcE4copyEPcPKcm
FN:441,_ZNSt11char_traitsIcE6assignEPcmc
FNDA:163,_ZNSt11char_traitsIcE6lengthEPKc
FNDA:6,_ZNSt11char_traitsIcE4findEPKcmRS1_
FNDA:0,_ZN9__gnu_cxx11char_traitsIcE4copyEPcPKcm
FNDA:0,_ZNSt11char_traitsIcE4moveEPcPKcm
FNDA:25,_ZNSt11char_traitsIcE6assignEPcmc
FNDA:0,_ZN9__gnu_cxx11char_traitsIcE6assignEPcmc
FNDA:0,_ZN9__gnu_cxx11char_traitsIcE2eqERKcS3_
FNDA:82,_ZNSt11char_traitsIcE7compareEPKcS2_m
FNDA:0,_ZN9__gnu_cxx11char_traitsIcE4findEPKcmRS2_
FNDA:0,_ZN9__gnu_cxx11char_traitsIcE6lengthEPKc
FNDA:0,_ZN9__gnu_cxx11char_traitsIcE4moveEPcPKcm
FNDA:844,_ZNSt11char_traitsIcE4copyEPcPKcm
FNDA:19675,_ZNSt11char_traitsIcE6assignERcRKc
FNDA:0,_ZNSt11char_traitsIcE2ltERKcS2_
FNF:14
FNH:6
DA:106,0
DA:107,0
DA:167,0
DA:170,0
DA:171,0
DA:172,0
DA:173,0
DA:178,0
DA:181,0
DA:182,0
DA:183,0
DA:184,0
DA:190,0
DA:193,0
DA:194,0
DA:196,0
DA:198,0
DA:199,0
DA:203,0
DA:204,0
DA:205,0
DA:206,0
DA:230,0
DA:233,0
DA:234,0
DA:240,0
DA:244,0
DA:245,0
DA:251,0
DA:255,0
DA:256,0
DA:290,163
DA:356,19675
DA:357,19675
DA:364,0
DA:367,0
DA:368,0
DA:372,82
DA:374,82
DA:375,2
DA:377,80
DA:379,80
DA:381,0
DA:382,0
DA:383,0
DA:384,0
DA:385,0
DA:386,0
DA:389,80
DA:393,163
DA:396,163
DA:397,0
DA:399,163
DA:403,6
DA:405,6
DA:406,0
DA:408,6
DA:410,6
DA:411,0
DA:413,6
DA:417,0
DA:419,0
DA:420,0
DA:422,0
DA:423,0
DA:425,0
DA:429,844
DA:431,844
DA:432,9
DA:434,835
DA:435,0
DA:437,835
DA:441,25
DA:443,25
DA:444,0
DA:446,25
DA:447,0
DA:449,25
LF:78
LH:26
end_of_record
TN:
SF:/usr/include/c++/11/bits/charconv.h
FN:47,_ZNSt8__detail14__to_chars_lenIyEEjT_i
FN:72,_ZNSt8__detail18__to_chars_10_implIyEEvPcjT_
FNDA:1,_ZNSt8__detail18__to_chars_10_implIyEEvPcjT_
FNDA:1,_ZNSt8__detail14__to_chars_lenIyEEjT_i
FNF:2
FNH:2
DA:47,1
DA:52,1
DA:53,1
DA:54,1
DA:55,1
DA:58,5
DA:59,5
DA:60,5
DA:61,4
DA:62,4
DA:63,4
DA:72,1
DA:83,1
DA:84,10
DA:86,9
DA:87,9
DA:88,9
DA:89,9
DA:90,9
DA:92,1
DA:94,0
DA:95,0
DA:96,0
DA:99,1
DA:100,1
LF:25
LH:22
end_of_record
TN:
SF:/usr/include/c++/11/bits/cpp_type_traits.h
FN:560,_ZSt12__miter_baseIN9__gnu_cxx17__normal_iteratorIPKjSt6vectorIjSaIjEEEEET_S8_
FN:560,_ZSt12__miter_baseIPKcET_S2_
FN:560,_ZSt12__miter_baseIPjET_S1_
FNDA:48954,_ZSt12__miter_baseIN9__gnu_cxx17__normal_iteratorIPKjSt6vectorIjSaIjEEEEET_S8_
FNDA:1586,_ZSt12__miter_baseIPjET_S1_
FNDA:0,_ZSt12__miter_baseIPKcET_S2_
FNF:3
FNH:2
DA:560,50540
DA:561,50540
LF:2
LH:2
end_of_record
TN:
SF:/usr/include/c++/11/bits/ios_base.h
FN:129,_ZStorSt13_Ios_OpenmodeS_
FNDA:1,_ZStorSt13_Ios_OpenmodeS_
FNF:1
FNH:1
DA:129,1
DA:130,1
LF:2
LH:2
end_of_record
TN:
SF:/usr/include/c++/11/bits/move.h
FN:49,_ZSt11__addressofIcEPT_RS0_
FN:49,_ZSt11__addressofIjEPT_RS0_
FN:49,_ZSt11__addressofIKcEPT_RS1_
FN:77,_ZSt7forwardIjEOT_RNSt16remove_referenceIS0_E4typeE
FN:77,_ZSt7forwardIRKjEOT_RNSt16remove_referenceIS2_E4typeE
FN:77,_ZSt7forwardISt14default_deleteINSt7__cxx1112basic_stringIcSt11char_traitsIcESaIcEEEEEOT_RNSt16remove_referenceIS8_E4typeE
FN:104,_ZSt4moveIRSaIcEEONSt16remove_referenceIT_E4typeEOS3_
FN:104,_ZSt4moveIRSt6vectorIjSaIjEEEONSt16remove_referenceIT_E4typeEOS5_
FN:104,_ZSt4moveIRjEONSt16remove_referenceIT_E4typeEOS2_
FN:104,_ZSt4moveIRSaIjEEONSt16remove_referenceIT_E4typeEOS3_
FN:104,_ZSt4moveIRN4core6BigIntEEONSt16remove_referenceIT_E4typeEOS4_
FN:104,_ZSt4moveIRPNSt7__cxx1118basic_stringstreamIcSt11char_traitsIcESaIcEEEEONSt16remove_referenceIT_E4typeEOS9_
FN:104,_ZSt4moveIRPNSt7__cxx1112basic_stringIcSt11char_traitsIcESaIcEEEEONSt16remove_referenceIT_E4typeEOS9_
FN:104,_ZSt4moveIRNSt12_Vector_baseIjSaIjEE12_Vector_implEEONSt16remove_referenceIT_E4typeEOS6_
FN:145,_ZSt9addressofIcEPT_RS0_
FN:145,_ZSt9addressofIKcEPT_RS1_
FNDA:11535,_ZSt11__addressofIKcEPT_RS1_
FNDA:308,_ZSt4moveIRNSt12_Vector_baseIjSaIjEE12_Vector_implEEONSt16remove_referenceIT_E4typeEOS6_
FNDA:0,_ZSt7forwardISt14default_deleteINSt7__cxx1112basic_stringIcSt11char_traitsIcESaIcEEEEEOT_RNSt16remove_referenceIS8_E4typeE
FNDA:11535,_ZSt9addressofIKcEPT_RS1_
FNDA:2407,_ZSt7forwardIjEOT_RNSt16remove_referenceIS0_E4typeE
FNDA:939,_ZSt4moveIRSaIcEEONSt16remove_referenceIT_E4typeEOS3_
FNDA:236,_ZSt4moveIRSaIjEEONSt16remove_referenceIT_E4typeEOS3_
FNDA:1068,_ZSt11__addressofIcEPT_RS0_
FNDA:84,_ZSt4moveIRN4core6BigIntEEONSt16remove_referenceIT_E4typeEOS4_
FNDA:626,_ZSt4moveIRSt6vectorIjSaIjEEEONSt16remove_referenceIT_E4typeEOS5_
FNDA:2407,_ZSt4moveIRjEONSt16remove_referenceIT_E4typeEOS2_
FNDA:64,_ZSt4moveIRPNSt7__cxx1118basic_stringstreamIcSt11char_traitsIcESaIcEEEEONSt16remove_referenceIT_E4typeEOS9_
FNDA:1068,_ZSt9addressofIcEPT_RS0_
FNDA:2699,_ZSt7forwardIRKjEOT_RNSt16remove_referenceIS2_E4typeE
FNDA:92,_ZSt11__addressofIjEPT_RS0_
FNDA:0,_ZSt4moveIRPNSt7__cxx1112basic_stringIcSt11char_traitsIcESaIcEEEEONSt16remove_referenceIT_E4typeEOS9_
FNF:16
FNH:14
DA:49,12695
DA:50,12695
DA:77,5106
DA:78,5106
DA:104,4664
DA:105,4664
DA:145,12603
DA:146,12603
LF:8
LH:8
end_of_record
TN:
SF:/usr/include/c++/11/bits/ptr_traits.h
FN:149,_ZNSt14pointer_traitsIPKcE10pointer_toERS0_
FN:149,_ZNSt14pointer_traitsIPcE10pointer_toERc
FNDA:11535,_ZNSt14pointer_traitsIPKcE10pointer_toERS0_
FNDA:1068,_ZNSt14pointer_traitsIPcE10pointer_toERc
FNF:2
FNH:2
DA:149,12603
DA:150,12603
LF:2
LH:2
end_of_record
TN:
SF:/usr/include/c++/11/bits/random.h
FN:136,_ZNSt8__detail4_ModImLm0ELm1ELm0ELb1ELb0EE6__calcEm
FN:136,_ZNSt8__detail4_ModImLm312ELm1ELm0ELb1ELb1EE6__calcEm
FN:147,_ZNSt8__detail5__modImLm0ELm1ELm0EEET_S1_
FN:147,_ZNSt8__detail5__modImLm312ELm1ELm0EEET_S1_
FN:530,_ZNSt23mersenne_twister_engineImLm64ELm312ELm156ELm31ELm13043109905998158313ELm29ELm6148914691236517205ELm17ELm8202884508482404352ELm37ELm18444473444759240704ELm43ELm6364136223846793005EEC2Em
FNDA:12,_ZNSt23mersenne_twister_engineImLm64ELm312ELm156ELm31ELm13043109905998158313ELm29ELm6148914691236517205ELm17ELm8202884508482404352ELm37ELm18444473444759240704ELm43ELm6364136223846793005EEC2Em
FNDA:3732,_ZNSt8__detail5__modImLm312ELm1ELm0EEET_S1_
FNDA:3744,_ZNSt8__detail5__modImLm0ELm1ELm0EEET_S1_
FNDA:3744,_ZNSt8__detail4_ModImLm0ELm1ELm0ELb1ELb0EE6__calcEm
FNDA:3732,_ZNSt8__detail4_ModImLm312ELm1ELm0ELb1ELb1EE6__calcEm
FNF:5
FNH:5
DA:136,7476
DA:138,7476
DA:140,3732
DA:141,7476
DA:147,7476
DA:154,7476
DA:155,7476
DA:530,12
DA:531,12
LF:9
LH:9
end_of_record
TN:
SF:/usr/include/c++/11/bits/random.tcc
FN:323,_ZNSt23mersenne_twister_engineImLm64ELm312ELm156ELm31ELm13043109905998158313ELm29ELm6148914691236517205ELm17ELm8202884508482404352ELm37ELm18444473444759240704ELm43ELm6364136223846793005EE4seedEm
FN:394,_ZNSt23mersenne_twister_engineImLm64ELm312ELm156ELm31ELm13043109905998158313ELm29ELm6148914691236517205ELm17ELm8202884508482404352ELm37ELm18444473444759240704ELm43ELm6364136223846793005EE11_M_gen_randEv
FN:450,_ZNSt23mersenne_twister_engineImLm64ELm312ELm156ELm31ELm13043109905998158313ELm29ELm6148914691236517205ELm17ELm8202884508482404352ELm37ELm18444473444759240704ELm43ELm6364136223846793005EEclEv
FNDA:12,_ZNSt23mersenne_twister_engineImLm64ELm312ELm156ELm31ELm13043109905998158313ELm29ELm6148914691236517205ELm17ELm8202884508482404352ELm37ELm18444473444759240704ELm43ELm6364136223846793005EE4seedEm
FNDA:8005,_ZNSt23mersenne_twister_engineImLm64ELm312ELm156ELm31ELm13043109905998158313ELm29ELm6148914691236517205ELm17ELm8202884508482404352ELm37ELm18444473444759240704ELm43ELm6364136223846793005EEclEv
FNDA:27,_ZNSt23mersenne_twister_engineImLm64ELm312ELm156ELm31ELm13043109905998158313ELm29ELm6148914691236517205ELm17ELm8202884508482404352ELm37ELm18444473444759240704ELm43ELm6364136223846793005EE11_M_gen_randEv
FNF:3
FNH:3
DA:323,12
DA:327,12
DA:328,12
DA:330,3744
DA:332,3732
DA:333,3732
DA:334,3732
DA:335,3732
DA:336,3732
DA:337,3732
DA:339,12
DA:340,12
DA:394,27
DA:398,27
DA:399,27
DA:401,4239
DA:403,4212
DA:404,4212
DA:405,8424
DA:406,4212
DA:409,4212
DA:411,4185
DA:412,4185
DA:413,8370
DA:414,4185
DA:417,27
DA:418,27
DA:419,54
DA:420,27
DA:421,27
DA:422,27
DA:450,8005
DA:455,8005
DA:456,27
DA:459,8005
DA:460,8005
DA:461,8005
DA:462,8005
DA:463,8005
DA:465,8005
LF:40
LH:40
end_of_record
TN:
SF:/usr/include/c++/11/bits/stl_algobase.h
FN:230,_ZSt3minImERKT_S2_S2_
FN:254,_ZSt3maxImERKT_S2_S2_
FN:313,_ZSt12__niter_baseIPcET_S1_
FN:313,_ZSt12__niter_baseIPjET_S1_
FN:313,_ZSt12__niter_baseIPKcET_S2_
FN:328,_ZSt12__niter_wrapIN9__gnu_cxx17__normal_iteratorIPjSt6vectorIjSaIjEEEES2_ET_S7_T0_
FN:335,_ZSt12__niter_wrapIPcET_RKS1_S1_
FN:335,_ZSt12__niter_wrapIPjET_RKS1_S1_
FN:380,_ZNSt11__copy_moveILb0ELb0ESt26random_access_iterator_tagE8__copy_mIPKcPcEET0_T_S7_S6_
FN:380,_ZNSt11__copy_moveILb0ELb0ESt26random_access_iterator_tagE8__copy_mIPKjPjEET0_T_S7_S6_
FN:380,_ZNSt11__copy_moveILb0ELb0ESt26random_access_iterator_tagE8__copy_mIPjS3_EET0_T_S5_S4_
FN:420,_ZNSt11__copy_moveILb0ELb1ESt26random_access_iterator_tagE8__copy_mIjEEPT_PKS3_S6_S4_
FN:420,_ZNSt11__copy_moveILb0ELb1ESt26random_access_iterator_tagE8__copy_mIcEEPT_PKS3_S6_S4_
FN:486,_ZSt14__copy_move_a2ILb0EPKjPjET1_T0_S4_S3_
FN:486,_ZSt14__copy_move_a2ILb0EPjS0_ET1_T0_S2_S1_
FN:486,_ZSt14__copy_move_a2ILb0EPKcPcET1_T0_S4_S3_
FN:521,_ZSt14__copy_move_a1ILb0EPjS0_ET1_T0_S2_S1_
FN:521,_ZSt14__copy_move_a1ILb0EPKcPcET1_T0_S4_S3_
FN:521,_ZSt14__copy_move_a1ILb0EPKjPjET1_T0_S4_S3_
FN:527,_ZSt13__copy_move_aILb0EPjS0_ET1_T0_S2_S1_
FN:527,_ZSt13__copy_move_aILb0EN9__gnu_cxx17__normal_iteratorIPKjSt6vectorIjSaIjEEEENS1_IPjS6_EEET1_T0_SB_SA_
FN:527,_ZSt13__copy_move_aILb0EN9__gnu_cxx17__normal_iteratorIPKjSt6vectorIjSaIjEEEEPjET1_T0_SA_S9_
FN:527,_ZSt13__copy_move_aILb0EPKcPcET1_T0_S4_S3_
FN:611,_ZSt4copyIN9__gnu_cxx17__normal_iteratorIPKjSt6vectorIjSaIjEEEENS1_IPjS6_EEET0_T_SB_SA_
FN:611,_ZSt4copyIPjS0_ET0_T_S2_S1_
FN:611,_ZSt4copyIN9__gnu_cxx17__normal_iteratorIPKjSt6vectorIjSaIjEEEEPjET0_T_SA_S9_
FN:611,_ZSt4copyIPKcPcET0_T_S4_S3_
FN:714,_ZNSt20__copy_move_backwardILb1ELb0ESt26random_access_iterator_tagE13__copy_move_bIPjS3_EET0_T_S5_S4_
FN:731,_ZNSt20__copy_move_backwardILb1ELb1ESt26random_access_iterator_tagE13__copy_move_bIjEEPT_PKS3_S6_S4_
FN:750,_ZSt23__copy_move_backward_a2ILb1EPjS0_ET1_T0_S2_S1_
FN:768,_ZSt23__copy_move_backward_a1ILb1EPjS0_ET1_T0_S2_S1_
FN:796,_ZSt22__copy_move_backward_aILb1EPjS0_ET1_T0_S2_S1_
FN:884,_ZSt13move_backwardIPjS0_ET0_T_S2_S1_
FN:919,_ZSt9__fill_a1IPjjEN9__gnu_cxx11__enable_ifIXsrSt11__is_scalarIT0_E7__valueEvE6__typeET_S8_RKS4_
FN:932,_ZSt9__fill_a1IcEN9__gnu_cxx11__enable_ifIXsrSt9__is_byteIT_E7__valueEvE6__typeEPS3_S7_RKS3_
FN:950,_ZSt9__fill_a1IPjSt6vectorIjSaIjEEjEvN9__gnu_cxx17__normal_iteratorIT_T0_EES8_RKT1_
FN:968,_ZSt8__fill_aIN9__gnu_cxx17__normal_iteratorIPjSt6vectorIjSaIjEEEEjEvT_S7_RKT0_
FN:968,_ZSt8__fill_aIPccEvT_S1_RKT0_
FN:968,_ZSt8__fill_aIPjjEvT_S1_RKT0_
FN:992,_ZSt4fillIN9__gnu_cxx17__normal_iteratorIPjSt6vectorIjSaIjEEEEjEvT_S7_RKT0_
FN:1010,_ZSt17__size_to_integerm
FN:1109,_ZSt10__fill_n_aIPjmjET_S1_T0_RKT1_St26random_access_iterator_tag
FN:1109,_ZSt10__fill_n_aIPcmcET_S1_T0_RKT1_St26random_access_iterator_tag
FN:1144,_ZSt6fill_nIPcmcET_S1_T0_RKT1_
FN:1144,_ZSt6fill_nIPjmjET_S1_T0_RKT1_
FNDA:793,_ZSt13move_backwardIPjS0_ET0_T_S2_S1_
FNDA:0,_ZSt6fill_nIPcmcET_S1_T0_RKT1_
FNDA:0,_ZSt9__fill_a1IPjSt6vectorIjSaIjEEjEvN9__gnu_cxx17__normal_iteratorIT_T0_EES8_RKT1_
FNDA:24477,_ZSt14__copy_move_a1ILb0EPKjPjET1_T0_S4_S3_
FNDA:24477,_ZSt4copyIN9__gnu_cxx17__normal_iteratorIPKjSt6vectorIjSaIjEEEEPjET0_T_SA_S9_
FNDA:0,_ZSt13__copy_move_aILb0EPjS0_ET1_T0_S2_S1_
FNDA:0,_ZNSt11__copy_moveILb0ELb0ESt26random_access_iterator_tagE8__copy_mIPKjPjEET0_T_S7_S6_
FNDA:24786,_ZSt6fill_nIPjmjET_S1_T0_RKT1_
FNDA:0,_ZNSt11__copy_moveILb0ELb1ESt26random_access_iterator_tagE8__copy_mIcEEPT_PKS3_S6_S4_
FNDA:0,_ZSt4copyIPKcPcET0_T_S4_S3_
FNDA:0,_ZSt12__niter_wrapIN9__gnu_cxx17__normal_iteratorIPjSt6vectorIjSaIjEEEES2_ET_S7_T0_
FNDA:0,_ZNSt11__copy_moveILb0ELb0ESt26random_access_iterator_tagE8__copy_mIPjS3_EET0_T_S5_S4_
FNDA:0,_ZSt13__copy_move_aILb0EN9__gnu_cxx17__normal_iteratorIPKjSt6vectorIjSaIjEEEENS1_IPjS6_EEET1_T0_SB_SA_
FNDA:0,_ZSt14__copy_move_a2ILb0EPKcPcET1_T0_S4_S3_
FNDA:793,_ZSt23__copy_move_backward_a2ILb1EPjS0_ET1_T0_S2_S1_
FNDA:24786,_ZSt17__size_to_integerm
FNDA:0,_ZNSt20__copy_move_backwardILb1ELb0ESt26random_access_iterator_tagE13__copy_move_bIPjS3_EET0_T_S5_S4_
FNDA:0,_ZSt13__copy_move_aILb0EPKcPcET1_T0_S4_S3_
FNDA:26010,_ZSt3minImERKT_S2_S2_
FNDA:24477,_ZSt13__copy_move_aILb0EN9__gnu_cxx17__normal_iteratorIPKjSt6vectorIjSaIjEEEEPjET1_T0_SA_S9_
FNDA:0,_ZSt14__copy_move_a2ILb0EPjS0_ET1_T0_S2_S1_
FNDA:24477,_ZSt14__copy_move_a2ILb0EPKjPjET1_T0_S4_S3_
FNDA:0,_ZSt12__niter_wrapIPcET_RKS1_S1_
FNDA:793,_ZNSt20__copy_move_backwardILb1ELb1ESt26random_access_iterator_tagE13__copy_move_bIjEEPT_PKS3_S6_S4_
FNDA:0,_ZSt14__copy_move_a1ILb0EPjS0_ET1_T0_S2_S1_
FNDA:29652,_ZSt12__niter_baseIPjET_S1_
FNDA:793,_ZSt22__copy_move_backward_aILb1EPjS0_ET1_T0_S2_S1_
FNDA:0,_ZNSt11__copy_moveILb0ELb0ESt26random_access_iterator_tagE8__copy_mIPKcPcEET0_T_S7_S6_
FNDA:0,_ZSt12__niter_baseIPcET_S1_
FNDA:24786,_ZSt10__fill_n_aIPjmjET_S1_T0_RKT1_St26random_access_iterator_tag
FNDA:0,_ZSt8__fill_aIN9__gnu_cxx17__normal_iteratorIPjSt6vectorIjSaIjEEEEjEvT_S7_RKT0_
FNDA:0,_ZSt8__fill_aIPccEvT_S1_RKT0_
FNDA:0,_ZSt14__copy_move_a1ILb0EPKcPcET1_T0_S4_S3_
FNDA:0,_ZSt9__fill_a1IcEN9__gnu_cxx11__enable_ifIXsrSt9__is_byteIT_E7__valueEvE6__typeEPS3_S7_RKS3_
FNDA:0,_ZSt12__niter_baseIPKcET_S2_
FNDA:0,_ZSt10__fill_n_aIPcmcET_S1_T0_RKT1_St26random_access_iterator_tag
FNDA:525,_ZSt3maxImERKT_S2_S2_
FNDA:24477,_ZNSt11__copy_moveILb0ELb1ESt26random_access_iterator_tagE8__copy_mIjEEPT_PKS3_S6_S4_
FNDA:0,_ZSt4copyIN9__gnu_cxx17__normal_iteratorIPKjSt6vectorIjSaIjEEEENS1_IPjS6_EEET0_T_SB_SA_
FNDA:25270,_ZSt12__niter_wrapIPjET_RKS1_S1_
FNDA:0,_ZSt4fillIN9__gnu_cxx17__normal_iteratorIPjSt6vectorIjSaIjEEEEjEvT_S7_RKT0_
FNDA:24784,_ZSt8__fill_aIPjjEvT_S1_RKT0_
FNDA:24784,_ZSt9__fill_a1IPjjEN9__gnu_cxx11__enable_ifIXsrSt11__is_scalarIT0_E7__valueEvE6__typeET_S8_RKS4_
FNDA:793,_ZSt23__copy_move_backward_a1ILb1EPjS0_ET1_T0_S2_S1_
FNDA:0,_ZSt4copyIPjS0_ET0_T_S2_S1_
FNF:45
FNH:19
DA:230,26010
DA:235,26010
DA:236,0
DA:237,26010
DA:254,525
DA:259,525
DA:260,310
DA:261,215
DA:313,29652
DA:315,29652
DA:328,0
DA:329,0
DA:335,25270
DA:336,25270
DA:380,0
DA:383,0
DA:385,0
DA:386,0
DA:387,0
DA:389,0
DA:420,24477
DA:429,24477
DA:430,24477
DA:431,24476
DA:432,24477
DA:486,24477
DA:490,24477
DA:492,0
DA:495,24477
DA:521,24477
DA:522,24477
DA:527,24477
DA:529,24477
DA:532,24477
DA:611,24477
DA:620,24477
DA:714,0
DA:717,0
DA:718,0
DA:719,0
DA:720,0
DA:731,793
DA:740,793
DA:741,793
DA:742,781
DA:743,793
DA:750,793
DA:754,793
DA:756,0
DA:760,793
DA:762,793
DA:768,793
DA:769,793
DA:796,793
DA:798,793
DA:801,793
DA:884,793
DA:894,793
DA:896,793
DA:919,24784
DA:922,24784
DA:923,1027673
DA:924,1002889
DA:925,24784
DA:932,0
DA:934,0
DA:936,0
DA:938,0
DA:939,0
DA:940,0
DA:943,0
DA:944,0
DA:950,0
DA:953,0
DA:968,24784
DA:969,24784
DA:992,0
DA:999,0
DA:1000,0
DA:1010,24786
DA:1109,24786
DA:1115,24786
DA:1116,2
DA:1120,24784
DA:1121,24784
DA:1144,24786
DA:1149,24786
DA:1150,49572
LF:88
LH:59
end_of_record
TN:
SF:/usr/include/c++/11/bits/stl_construct.h
FN:80,_ZSt10destroy_atIjEvPT_
FN:94,_ZSt12construct_atIjJjEEDTgsnwcvPvLi0E_T_pispcl7declvalIT0_EEEEPS1_DpOS2_
FN:94,_ZSt12construct_atIjJRKjEEDTgsnwcvPvLi0E_T_pispcl7declvalIT0_EEEEPS3_DpOS4_
FN:109,_ZSt10_ConstructIjJEEvPT_DpOT0_
FN:146,_ZSt8_DestroyIjEvPT_
FN:160,_ZNSt12_Destroy_auxILb0EE9__destroyIN9__gnu_cxx17__normal_iteratorIPjSt6vectorIjSaIjEEEEEEvT_S9_
FN:160,_ZNSt12_Destroy_auxILb0EE9__destroyIPjEEvT_S3_
FN:172,_ZNSt12_Destroy_auxILb1EE9__destroyIPjEEvT_S3_
FN:172,_ZNSt12_Destroy_auxILb1EE9__destroyIN9__gnu_cxx17__normal_iteratorIPjSt6vectorIjSaIjEEEEEEvT_S9_
FN:182,_ZSt8_DestroyIPjEvT_S1_
FN:182,_ZSt8_DestroyIN9__gnu_cxx17__normal_iteratorIPjSt6vectorIjSaIjEEEEEvT_S7_
FNDA:26340,_ZSt10destroy_atIjEvPT_
FNDA:50156,_ZNSt12_Destroy_auxILb1EE9__destroyIPjEEvT_S3_
FNDA:0,_ZNSt12_Destroy_auxILb0EE9__destroyIPjEEvT_S3_
FNDA:0,_ZSt8_DestroyIjEvPT_
FNDA:0,_ZNSt12_Destroy_auxILb1EE9__destroyIN9__gnu_cxx17__normal_iteratorIPjSt6vectorIjSaIjEEEEEEvT_S9_
FNDA:1143,_ZSt12construct_atIjJRKjEEDTgsnwcvPvLi0E_T_pispcl7declvalIT0_EEEEPS3_DpOS4_
FNDA:92,_ZSt10_ConstructIjJEEvPT_DpOT0_
FNDA:0,_ZSt8_DestroyIN9__gnu_cxx17__normal_iteratorIPjSt6vectorIjSaIjEEEEEvT_S7_
FNDA:807,_ZSt12construct_atIjJjEEDTgsnwcvPvLi0E_T_pispcl7declvalIT0_EEEEPS1_DpOS2_
FNDA:0,_ZNSt12_Destroy_auxILb0EE9__destroyIN9__gnu_cxx17__normal_iteratorIPjSt6vectorIjSaIjEEEEEEvT_S9_
FNDA:50156,_ZSt8_DestroyIPjEvT_S1_
FNF:11
FNH:6
DA:80,26340
DA:88,26340
DA:89,26340
DA:94,1950
DA:97,1950
DA:109,92
DA:119,92
DA:146,0
DA:149,0
DA:153,0
DA:160,0
DA:162,0
DA:163,0
DA:164,0
DA:172,50156
DA:182,50156
DA:192,50156
DA:193,0
DA:196,50156
LF:19
LH:11
end_of_record
TN:
SF:/usr/include/c++/11/bits/stl_function.h
FN:447,_ZNKSt4lessIPKcEclES1_S1_
FNDA:92,_ZNKSt4lessIPKcEclES1_S1_
FNF:1
FNH:1
DA:447,92
DA:457,92
LF:2
LH:2
end_of_record
TN:
SF:/usr/include/c++/11/bits/stl_iterator.h
FN:1027,_ZN9__gnu_cxx17__normal_iteratorIPjSt6vectorIjSaIjEEEC2ERKS1_
FN:1027,_ZN9__gnu_cxx17__normal_iteratorIPKjSt6vectorIjSaIjEEEC2ERKS2_
FN:1033,_ZN9__gnu_cxx17__normal_iteratorIPKjSt6vectorIjSaIjEEEC2IPjEERKNS0_IT_NS_11__enable_ifIXsrSt10__are_sameIS9_S8_E7__valueES5_E6__typeEEE
FN:1042,_ZNK9__gnu_cxx17__normal_iteratorIPjSt6vectorIjSaIjEEEdeEv
[...]
FN:174,_ZNSt15__uniq_ptr_implINSt7__cxx1118basic_stringstreamIcSt11char_traitsIcESaIcEEESt14default_deleteIS5_EE10_M_deleterEv
FN:177,_ZNSt15__uniq_ptr_implINSt7__cxx1112basic_stringIcSt11char_traitsIcESaIcEEESt14default_deleteIS5_EE5resetEPS5_
FN:185,_ZNSt15__uniq_ptr_implINSt7__cxx1112basic_stringIcSt11char_traitsIcESaIcEEESt14default_deleteIS5_EE7releaseEv
FN:212,_ZNSt15__uniq_ptr_dataINSt7__cxx1112basic_stringIcSt11char_traitsIcESaIcEEESt14default_deleteIS5_ELb1ELb1EEaSEOS8_
FN:269,_ZNSt10unique_ptrINSt7__cxx1112basic_stringIcSt11char_traitsIcESaIcEEESt14default_deleteIS5_EEC2IS7_vEEv
FN:281,_ZNSt10unique_ptrINSt7__cxx1112basic_stringIcSt11char_traitsIcESaIcEEESt14default_deleteIS5_EEC2IS7_vEEPS5_
FN:355,_ZNSt10unique_ptrINSt7__cxx1112basic_stringIcSt11char_traitsIcESaIcEEESt14default_deleteIS5_EED2Ev
FN:355,_ZNSt10unique_ptrINSt7__cxx1118basic_stringstreamIcSt11char_traitsIcESaIcEEESt14default_deleteIS5_EED2Ev
FN:371,_ZNSt10unique_ptrINSt7__cxx1112basic_stringIcSt11char_traitsIcESaIcEEESt14default_deleteIS5_EEaSEOS8_
FN:405,_ZNKSt10unique_ptrINSt7__cxx1118basic_stringstreamIcSt11char_traitsIcESaIcEEESt14default_deleteIS5_EEdeEv
FN:413,_ZNKSt10unique_ptrINSt7__cxx1112basic_stringIcSt11char_traitsIcESaIcEEESt14default_deleteIS5_EEptEv
FN:421,_ZNKSt10unique_ptrINSt7__cxx1118basic_stringstreamIcSt11char_traitsIcESaIcEEESt14default_deleteIS5_EE3getEv
FN:421,_ZNKSt10unique_ptrINSt7__cxx1112basic_stringIcSt11char_traitsIcESaIcEEESt14default_deleteIS5_EE3getEv
FN:426,_ZNSt10unique_ptrINSt7__cxx1112basic_stringIcSt11char_traitsIcESaIcEEESt14default_deleteIS5_EE11get_deleterEv
FN:426,_ZNSt10unique_ptrINSt7__cxx1118basic_stringstreamIcSt11char_traitsIcESaIcEEESt14default_deleteIS5_EE11get_deleterEv
FN:435,_ZNKSt10unique_ptrINSt7__cxx1112basic_stringIcSt11char_traitsIcESaIcEEESt14default_deleteIS5_EEcvbEv
FN:760,_ZSteqINSt7__cxx1112basic_stringIcSt11char_traitsIcESaIcEEESt14default_deleteIS5_EEbRKSt10unique_ptrIT_T0_EDn
FN:961,_ZSt11make_uniqueINSt7__cxx1112basic_stringIcSt11char_traitsIcESaIcEEEJEENSt9_MakeUniqIT_E15__single_objectEDpOT0_
FNDA:0,_ZNSt10unique_ptrINSt7__cxx1112basic_stringIcSt11char_traitsIcESaIcEEESt14default_deleteIS5_EE11get_deleterEv
FNDA:0,_ZNSt15__uniq_ptr_implINSt7__cxx1112basic_stringIcSt11char_traitsIcESaIcEEESt14default_deleteIS5_EEC2EPS5_
FNDA:128,_ZNSt15__uniq_ptr_implINSt7__cxx1118basic_stringstreamIcSt11char_traitsIcESaIcEEESt14default_deleteIS5_EE6_M_ptrEv
FNDA:0,_ZNKSt15__uniq_ptr_implINSt7__cxx1112basic_stringIcSt11char_traitsIcESaIcEEESt14default_deleteIS5_EE6_M_ptrEv
FNDA:606,_ZNKSt10unique_ptrINSt7__cxx1118basic_stringstreamIcSt11char_traitsIcESaIcEEESt14default_deleteIS5_EE3getEv
FNDA:0,_ZNKSt10unique_ptrINSt7__cxx1112basic_stringIcSt11char_traitsIcESaIcEEESt14default_deleteIS5_EEptEv
FNDA:94,_ZNSt10unique_ptrINSt7__cxx1112basic_stringIcSt11char_traitsIcESaIcEEESt14default_deleteIS5_EED2Ev
FNDA:0,_ZNSt15__uniq_ptr_implINSt7__cxx1112basic_stringIcSt11char_traitsIcESaIcEEESt14default_deleteIS5_EE10_M_deleterEv
FNDA:606,_ZNKSt15__uniq_ptr_implINSt7__cxx1118basic_stringstreamIcSt11char_traitsIcESaIcEEESt14default_deleteIS5_EE6_M_ptrEv
FNDA:0,_ZNSt10unique_ptrINSt7__cxx1112basic_stringIcSt11char_traitsIcESaIcEEESt14default_deleteIS5_EEaSEOS8_
FNDA:64,_ZNSt10unique_ptrINSt7__cxx1118basic_stringstreamIcSt11char_traitsIcESaIcEEESt14default_deleteIS5_EED2Ev
FNDA:0,_ZSt11make_uniqueINSt7__cxx1112basic_stringIcSt11char_traitsIcESaIcEEEJEENSt9_MakeUniqIT_E15__single_objectEDpOT0_
FNDA:0,_ZNKSt10unique_ptrINSt7__cxx1112basic_stringIcSt11char_traitsIcESaIcEEESt14default_deleteIS5_EE3getEv
FNDA:94,_ZNSt10unique_ptrINSt7__cxx1112basic_stringIcSt11char_traitsIcESaIcEEESt14default_deleteIS5_EEC2IS7_vEEv
FNDA:94,_ZNSt15__uniq_ptr_implINSt7__cxx1112basic_stringIcSt11char_traitsIcESaIcEEESt14default_deleteIS5_EEC2Ev
FNDA:0,_ZNKSt14default_deleteINSt7__cxx1112basic_stringIcSt11char_traitsIcESaIcEEEEclEPS5_
FNDA:94,_ZNSt15__uniq_ptr_implINSt7__cxx1112basic_stringIcSt11char_traitsIcESaIcEEESt14default_deleteIS5_EE6_M_ptrEv
FNDA:0,_ZNKSt10unique_ptrINSt7__cxx1112basic_stringIcSt11char_traitsIcESaIcEEESt14default_deleteIS5_EEcvbEv
FNDA:0,_ZSteqINSt7__cxx1112basic_stringIcSt11char_traitsIcESaIcEEESt14default_deleteIS5_EEbRKSt10unique_ptrIT_T0_EDn
FNDA:0,_ZNSt15__uniq_ptr_dataINSt7__cxx1112basic_stringIcSt11char_traitsIcESaIcEEESt14default_deleteIS5_ELb1ELb1EEaSEOS8_
FNDA:0,_ZNSt10unique_ptrINSt7__cxx1112basic_stringIcSt11char_traitsIcESaIcEEESt14default_deleteIS5_EEC2IS7_vEEPS5_
FNDA:64,_ZNSt15__uniq_ptr_implINSt7__cxx1118basic_stringstreamIcSt11char_traitsIcESaIcEEESt14default_deleteIS5_EE10_M_deleterEv
FNDA:0,_ZNSt15__uniq_ptr_implINSt7__cxx1112basic_stringIcSt11char_traitsIcESaIcEEESt14default_deleteIS5_EE5resetEPS5_
FNDA:542,_ZNKSt10unique_ptrINSt7__cxx1118basic_stringstreamIcSt11char_traitsIcESaIcEEESt14default_deleteIS5_EEdeEv
FNDA:0,_ZNSt15__uniq_ptr_implINSt7__cxx1112basic_stringIcSt11char_traitsIcESaIcEEESt14default_deleteIS5_EE7releaseEv
FNDA:64,_ZNKSt14default_deleteINSt7__cxx1118basic_stringstreamIcSt11char_traitsIcESaIcEEEEclEPS5_
FNDA:64,_ZNSt10unique_ptrINSt7__cxx1118basic_stringstreamIcSt11char_traitsIcESaIcEEESt14default_deleteIS5_EE11get_deleterEv
FNDA:0,_ZNSt15__uniq_ptr_implINSt7__cxx1112basic_stringIcSt11char_traitsIcESaIcEEESt14default_deleteIS5_EEaSEOS8_
FNF:28
FNH:12
DA:79,64
DA:85,64
DA:86,64
DA:154,94
DA:155,0
DA:165,0
DA:167,0
DA:168,0
DA:169,0
DA:172,222
DA:173,606
DA:174,64
DA:177,0
DA:179,0
DA:180,0
DA:181,0
DA:182,0
DA:183,0
DA:185,0
DA:187,0
DA:188,0
DA:189,0
DA:212,0
DA:269,94
DA:270,94
DA:271,94
DA:281,0
DA:282,0
DA:283,0
DA:355,158
DA:359,158
DA:360,158
DA:361,64
DA:362,158
DA:363,158
DA:371,0
DA:405,542
DA:407,542
DA:408,542
DA:413,0
DA:416,0
DA:421,606
DA:422,606
DA:426,64
DA:427,64
DA:435,0
DA:436,0
DA:760,0
DA:761,0
DA:961,0
DA:962,0
LF:51
LH:23
end_of_record
TN:
SF:/usr/include/c++/11/bits/vector.tcc
FN:66,_ZNSt6vectorIjSaIjEE7reserveEm
FN:109,_ZNSt6vectorIjSaIjEE12emplace_backIJjEEERjDpOT_
FN:198,_ZNSt6vectorIjSaIjEEaSERKS1_
FN:257,_ZNSt6vectorIjSaIjEE14_M_fill_assignEmRKj
FN:300,_ZNSt6vectorIjSaIjEE13_M_assign_auxIN9__gnu_cxx17__normal_iteratorIPKjS1_EEEEvT_S8_St20forward_iterator_tag
FN:340,_ZNSt6vectorIjSaIjEE14_M_insert_rvalEN9__gnu_cxx17__normal_iteratorIPKjS1_EEOj
FN:395,_ZNSt6vectorIjSaIjEE13_M_insert_auxIjEEvN9__gnu_cxx17__normal_iteratorIPjS1_EEOT_
FN:426,_ZNSt6vectorIjSaIjEE17_M_realloc_insertIJjEEEvN9__gnu_cxx17__normal_iteratorIPjS1_EEDpOT_
FN:426,_ZNSt6vectorIjSaIjEE17_M_realloc_insertIJRKjEEEvN9__gnu_cxx17__normal_iteratorIPjS1_EEDpOT_
FN:611,_ZNSt6vectorIjSaIjEE17_M_default_appendEm
FNDA:44,_ZNSt6vectorIjSaIjEE13_M_assign_auxIN9__gnu_cxx17__normal_iteratorIPKjS1_EEEEvT_S8_St20forward_iterator_tag
FNDA:793,_ZNSt6vectorIjSaIjEE13_M_insert_auxIjEEvN9__gnu_cxx17__normal_iteratorIPjS1_EEOT_
FNDA:807,_ZNSt6vectorIjSaIjEE14_M_insert_rvalEN9__gnu_cxx17__normal_iteratorIPKjS1_EEOj
FNDA:0,_ZNSt6vectorIjSaIjEE12emplace_backIJjEEERjDpOT_
FNDA:92,_ZNSt6vectorIjSaIjEE17_M_default_appendEm
FNDA:0,_ZNSt6vectorIjSaIjEE17_M_realloc_insertIJjEEEvN9__gnu_cxx17__normal_iteratorIPjS1_EEDpOT_
FNDA:413,_ZNSt6vectorIjSaIjEE17_M_realloc_insertIJRKjEEEvN9__gnu_cxx17__normal_iteratorIPjS1_EEDpOT_
FNDA:14,_ZNSt6vectorIjSaIjEE7reserveEm
FNDA:2,_ZNSt6vectorIjSaIjEEaSERKS1_
FNDA:103,_ZNSt6vectorIjSaIjEE14_M_fill_assignEmRKj
FNF:10
FNH:8
DA:66,14
DA:69,14
DA:70,0
DA:71,14
DA:73,14
DA:78,14
DA:79,14
DA:80,14
DA:92,14
DA:93,14
DA:94,14
DA:95,14
DA:96,14
DA:97,14
DA:99,14
DA:109,0
DA:112,0
DA:115,0
DA:117,0
DA:121,0
DA:123,0
DA:198,2
DA:201,2
DA:205,2
DA:207,0
DA:208,0
DA:211,0
DA:212,0
DA:213,0
DA:214,0
DA:215,0
DA:216,0
DA:217,0
DA:219,0
DA:220,0
DA:223,2
DA:224,2
DA:226,2
DA:228,2
DA:229,2
DA:230,2
DA:231,2
DA:232,2
DA:233,2
DA:234,2
DA:236,0
DA:238,0
DA:239,0
DA:243,0
DA:245,0
DA:246,0
DA:248,0
DA:250,2
DA:252,2
DA:257,103
DA:260,103
DA:262,103
DA:263,103
DA:264,103
DA:265,0
DA:267,0
DA:268,0
DA:270,0
DA:271,0
DA:272,0
DA:276,0
DA:277,103
DA:300,44
DA:304,44
DA:306,44
DA:308,44
DA:309,44
DA:310,44
DA:311,44
DA:313,44
DA:314,44
DA:315,44
DA:316,44
DA:317,44
DA:318,44
DA:320,0
DA:321,0
DA:324,0
DA:325,0
DA:326,0
DA:327,0
DA:329,0
DA:330,0
DA:332,0
DA:335,44
DA:340,807
DA:343,807
DA:344,807
DA:345,807
DA:348,14
DA:349,14
DA:350,14
DA:354,793
DA:356,0
DA:358,807
DA:395,793
DA:405,793
DA:406,793
DA:407,793
DA:412,793
DA:418,793
DA:420,793
DA:426,413
DA:436,413
DA:437,413
DA:438,413
DA:439,413
DA:440,413
DA:441,413
DA:449,413
DA:450,413
DA:456,413
DA:461,413
DA:462,413
DA:464,413
DA:466,413
DA:467,413
DA:500,413
DA:501,413
DA:502,413
DA:503,413
DA:504,413
DA:505,413
DA:611,92
DA:614,92
DA:616,92
DA:617,92
DA:618,92
DA:620,92
DA:621,0
DA:623,92
DA:626,0
DA:627,0
DA:628,0
DA:634,92
DA:635,92
DA:640,92
DA:641,92
DA:643,0
DA:645,0
DA:646,0
DA:648,92
DA:649,92
DA:675,92
DA:676,92
DA:677,92
DA:678,92
DA:679,92
DA:680,92
DA:683,92
LF:155
LH:106
end_of_record
TN:
SF:/usr/include/c++/11/ext/alloc_traits.h
FN:97,_ZN9__gnu_cxx14__alloc_traitsISaIjEjE17_S_select_on_copyERKS1_
FN:97,_ZN9__gnu_cxx14__alloc_traitsISaIcEcE17_S_select_on_copyERKS1_
FN:103,_ZN9__gnu_cxx14__alloc_traitsISaIjEjE27_S_propagate_on_copy_assignEv
FN:112,_ZN9__gnu_cxx14__alloc_traitsISaIjEjE15_S_always_equalEv
FNDA:101,_ZN9__gnu_cxx14__alloc_traitsISaIcEcE17_S_select_on_copyERKS1_
FNDA:2,_ZN9__gnu_cxx14__alloc_traitsISaIjEjE27_S_propagate_on_copy_assignEv
FNDA:24431,_ZN9__gnu_cxx14__alloc_traitsISaIjEjE17_S_select_on_copyERKS1_
FNDA:0,_ZN9__gnu_cxx14__alloc_traitsISaIjEjE15_S_always_equalEv
FNF:4
FNH:3
DA:97,24532
DA:98,24532
DA:103,2
DA:104,2
DA:112,0
DA:113,0
LF:6
LH:4
end_of_record
TN:
SF:/usr/include/c++/11/ext/new_allocator.h
FN:79,_ZN9__gnu_cxx13new_allocatorIjEC2Ev
FN:79,_ZN9__gnu_cxx13new_allocatorIcEC2Ev
FN:82,_ZN9__gnu_cxx13new_allocatorIjEC2ERKS1_
FN:82,_ZN9__gnu_cxx13new_allocatorIcEC2ERKS1_
FN:103,_ZN9__gnu_cxx13new_allocatorIcE8allocateEmPKv
FN:103,_ZN9__gnu_cxx13new_allocatorIjE8allocateEmPKv
FN:132,_ZN9__gnu_cxx13new_allocatorIcE10deallocateEPcm
FN:132,_ZN9__gnu_cxx13new_allocatorIjE10deallocateEPjm
FN:197,_ZNK9__gnu_cxx13new_allocatorIcE11_M_max_sizeEv
FN:197,_ZNK9__gnu_cxx13new_allocatorIjE11_M_max_sizeEv
FNDA:368,_ZN9__gnu_cxx13new_allocatorIcE10deallocateEPcm
FNDA:0,_ZN9__gnu_cxx13new_allocatorIcEC2ERKS1_
FNDA:0,_ZN9__gnu_cxx13new_allocatorIcEC2Ev
FNDA:25186,_ZN9__gnu_cxx13new_allocatorIjEC2Ev
FNDA:49689,_ZNK9__gnu_cxx13new_allocatorIjE11_M_max_sizeEv
FNDA:98920,_ZN9__gnu_cxx13new_allocatorIjEC2ERKS1_
FNDA:369,_ZN9__gnu_cxx13new_allocatorIcE8allocateEmPKv
FNDA:369,_ZNK9__gnu_cxx13new_allocatorIcE11_M_max_sizeEv
FNDA:49689,_ZN9__gnu_cxx13new_allocatorIjE8allocateEmPKv
FNDA:49689,_ZN9__gnu_cxx13new_allocatorIjE10deallocateEPjm
FNF:10
FNH:8
DA:79,25186
DA:82,98920
DA:103,50058
DA:111,50058
DA:115,0
DA:116,0
DA:117,0
DA:127,50058
DA:132,50057
DA:145,50057
DA:197,50058
DA:200,50058
LF:12
LH:9
end_of_record
TN:
SF:/usr/include/c++/11/ext/type_traits.h
FN:152,_ZN9__gnu_cxx17__is_null_pointerIKcEEbPT_
FN:152,_ZN9__gnu_cxx17__is_null_pointerIcEEbPT_
FNDA:122,_ZN9__gnu_cxx17__is_null_pointerIKcEEbPT_
FNDA:101,_ZN9__gnu_cxx17__is_null_pointerIcEEbPT_
FNF:2
FNH:2
DA:152,223
DA:153,223
LF:2
LH:2
end_of_record
TN:
SF:/usr/include/c++/11/iomanip
FN:165,_ZSt7setfillIcESt8_SetfillIT_ES1_
FN:225,_ZSt4setwi
FNDA:1002,_ZSt7setfillIcESt8_SetfillIT_ES1_
FNDA:1002,_ZSt4setwi
FNF:2
FNH:2
DA:165,1002
DA:166,1002
DA:225,1002
DA:226,1002
LF:4
LH:4
end_of_record
TN:
SF:/usr/include/c++/11/limits
FN:1344,_ZNSt14numeric_limitsIxE3minEv
FNDA:69,_ZNSt14numeric_limitsIxE3minEv
FNF:1
FNH:1
DA:1344,69
LF:1
LH:1
end_of_record
TN:
SF:/usr/include/c++/11/new
FN:174,_ZnwmPv
FNDA:2084,_ZnwmPv
FNF:1
FNH:1
DA:174,2084
DA:175,2084
LF:2
LH:2
end_of_record
TN:
SF:/usr/include/c++/11/tuple
FN:80,_ZNSt10_Head_baseILm1ESt14default_deleteINSt7__cxx1112basic_stringIcSt11char_traitsIcESaIcEEEELb1EEC2Ev
FN:124,_ZNSt10_Head_baseILm1ESt14default_deleteINSt7__cxx1112basic_stringIcSt11char_traitsIcESaIcEEEELb1EE7_M_headERS8_
FN:124,_ZNSt10_Head_baseILm1ESt14default_deleteINSt7__cxx1118basic_stringstreamIcSt11char_traitsIcESaIcEEEELb1EE7_M_headERS8_
FN:189,_ZNSt10_Head_baseILm0EPNSt7__cxx1112basic_stringIcSt11char_traitsIcESaIcEEELb0EEC2Ev
FN:233,_ZNSt10_Head_baseILm0EPNSt7__cxx1118basic_stringstreamIcSt11char_traitsIcESaIcEEELb0EE7_M_headERS7_
FN:233,_ZNSt10_Head_baseILm0EPNSt7__cxx1112basic_stringIcSt11char_traitsIcESaIcEEELb0EE7_M_headERS7_
FN:236,_ZNSt10_Head_baseILm0EPNSt7__cxx1112basic_stringIcSt11char_traitsIcESaIcEEELb0EE7_M_headERKS7_
FN:236,_ZNSt10_Head_baseILm0EPNSt7__cxx1118basic_stringstreamIcSt11char_traitsIcESaIcEEELb0EE7_M_headERKS7_
FN:268,_ZNSt11_Tuple_implILm0EJPNSt7__cxx1118basic_stringstreamIcSt11char_traitsIcESaIcEEESt14default_deleteIS5_EEE7_M_headERS9_
FN:268,_ZNSt11_Tuple_implILm0EJPNSt7__cxx1112basic_stringIcSt11char_traitsIcESaIcEEESt14default_deleteIS5_EEE7_M_headERS9_
FN:271,_ZNSt11_Tuple_implILm0EJPNSt7__cxx1112basic_stringIcSt11char_traitsIcESaIcEEESt14default_deleteIS5_EEE7_M_headERKS9_
FN:271,_ZNSt11_Tuple_implILm0EJPNSt7__cxx1118basic_stringstreamIcSt11char_traitsIcESaIcEEESt14default_deleteIS5_EEE7_M_headERKS9_
FN:279,_ZNSt11_Tuple_implILm0EJPNSt7__cxx1112basic_stringIcSt11char_traitsIcESaIcEEESt14default_deleteIS5_EEEC2Ev
FN:424,_ZNSt11_Tuple_implILm1EJSt14default_deleteINSt7__cxx1112basic_stringIcSt11char_traitsIcESaIcEEEEEE7_M_headERS8_
FN:424,_ZNSt11_Tuple_implILm1EJSt14default_deleteINSt7__cxx1118basic_stringstreamIcSt11char_traitsIcESaIcEEEEEE7_M_headERS8_
FN:430,_ZNSt11_Tuple_implILm1EJSt14default_deleteINSt7__cxx1112basic_stringIcSt11char_traitsIcESaIcEEEEEEC2Ev
FN:1049,_ZNSt5tupleIJPNSt7__cxx1112basic_stringIcSt11char_traitsIcESaIcEEESt14default_deleteIS5_EEEC2ILb1ELb1EEEv
FN:1377,_ZSt12__get_helperILm0EPNSt7__cxx1112basic_stringIcSt11char_traitsIcESaIcEEEJSt14default_deleteIS5_EEERT0_RSt11_Tuple_implIXT_EJS9_DpT1_EE
FN:1377,_ZSt12__get_helperILm1ESt14default_deleteINSt7__cxx1118basic_stringstreamIcSt11char_traitsIcESaIcEEEEJEERT0_RSt11_Tuple_implIXT_EJS8_DpT1_EE
FN:1377,_ZSt12__get_helperILm0EPNSt7__cxx1118basic_stringstreamIcSt11char_traitsIcESaIcEEEJSt14default_deleteIS5_EEERT0_RSt11_Tuple_implIXT_EJS9_DpT1_EE
FN:1377,_ZSt12__get_helperILm1ESt14default_deleteINSt7__cxx1112basic_stringIcSt11char_traitsIcESaIcEEEEJEERT0_RSt11_Tuple_implIXT_EJS8_DpT1_EE
FN:1382,_ZSt12__get_helperILm0EPNSt7__cxx1112basic_stringIcSt11char_traitsIcESaIcEEEJSt14default_deleteIS5_EEERKT0_RKSt11_Tuple_implIXT_EJS9_DpT1_EE
FN:1382,_ZSt12__get_helperILm0EPNSt7__cxx1118basic_stringstreamIcSt11char_traitsIcESaIcEEEJSt14default_deleteIS5_EEERKT0_RKSt11_Tuple_implIXT_EJS9_DpT1_EE
FN:1393,_ZSt3getILm1EJPNSt7__cxx1118basic_stringstreamIcSt11char_traitsIcESaIcEEESt14default_deleteIS5_EEERNSt13tuple_elementIXT_ESt5tupleIJDpT0_EEE4typeERSD_
FN:1393,_ZSt3getILm1EJPNSt7__cxx1112basic_stringIcSt11char_traitsIcESaIcEEESt14default_deleteIS5_EEERNSt13tuple_elementIXT_ESt5tupleIJDpT0_EEE4typeERSD_
FN:1393,_ZSt3getILm0EJPNSt7__cxx1112basic_stringIcSt11char_traitsIcESaIcEEESt14default_deleteIS5_EEERNSt13tuple_elementIXT_ESt5tupleIJDpT0_EEE4typeERSD_
FN:1393,_ZSt3getILm0EJPNSt7__cxx1118basic_stringstreamIcSt11char_traitsIcESaIcEEESt14default_deleteIS5_EEERNSt13tuple_elementIXT_ESt5tupleIJDpT0_EEE4typeERSD_
FN:1399,_ZSt3getILm0EJPNSt7__cxx1118basic_stringstreamIcSt11char_traitsIcESaIcEEESt14default_deleteIS5_EEERKNSt13tuple_elementIXT_ESt5tupleIJDpT0_EEE4typeERKSD_
FN:1399,_ZSt3getILm0EJPNSt7__cxx1112basic_stringIcSt11char_traitsIcESaIcEEESt14default_deleteIS5_EEERKNSt13tuple_elementIXT_ESt5tupleIJDpT0_EEE4typeERKSD_
FNDA:64,_ZNSt10_Head_baseILm1ESt14default_deleteINSt7__cxx1118basic_stringstreamIcSt11char_traitsIcESaIcEEEELb1EE7_M_headERS8_
FNDA:128,_ZSt3getILm0EJPNSt7__cxx1118basic_stringstreamIcSt11char_traitsIcESaIcEEESt14default_deleteIS5_EEERNSt13tuple_elementIXT_ESt5tupleIJDpT0_EEE4typeERSD_
FNDA:64,_ZNSt11_Tuple_implILm1EJSt14default_deleteINSt7__cxx1118basic_stringstreamIcSt11char_traitsIcESaIcEEEEEE7_M_headERS8_
FNDA:94,_ZNSt11_Tuple_implILm1EJSt14default_deleteINSt7__cxx1112basic_stringIcSt11char_traitsIcESaIcEEEEEEC2Ev
FNDA:0,_ZSt12__get_helperILm1ESt14default_deleteINSt7__cxx1112basic_stringIcSt11char_traitsIcESaIcEEEEJEERT0_RSt11_Tuple_implIXT_EJS8_DpT1_EE
FNDA:94,_ZSt3getILm0EJPNSt7__cxx1112basic_stringIcSt11char_traitsIcESaIcEEESt14default_deleteIS5_EEERNSt13tuple_elementIXT_ESt5tupleIJDpT0_EEE4typeERSD_
FNDA:94,_ZNSt11_Tuple_implILm0EJPNSt7__cxx1112basic_stringIcSt11char_traitsIcESaIcEEESt14default_deleteIS5_EEE7_M_headERS9_
FNDA:0,_ZSt3getILm0EJPNSt7__cxx1112basic_stringIcSt11char_traitsIcESaIcEEESt14default_deleteIS5_EEERKNSt13tuple_elementIXT_ESt5tupleIJDpT0_EEE4typeERKSD_
FNDA:128,_ZSt12__get_helperILm0EPNSt7__cxx1118basic_stringstreamIcSt11char_traitsIcESaIcEEEJSt14default_deleteIS5_EEERT0_RSt11_Tuple_implIXT_EJS9_DpT1_EE
FNDA:94,_ZNSt5tupleIJPNSt7__cxx1112basic_stringIcSt11char_traitsIcESaIcEEESt14default_deleteIS5_EEEC2ILb1ELb1EEEv
FNDA:94,_ZNSt10_Head_baseILm1ESt14default_deleteINSt7__cxx1112basic_stringIcSt11char_traitsIcESaIcEEEELb1EEC2Ev
FNDA:606,_ZNSt11_Tuple_implILm0EJPNSt7__cxx1118basic_stringstreamIcSt11char_traitsIcESaIcEEESt14default_deleteIS5_EEE7_M_headERKS9_
FNDA:94,_ZNSt11_Tuple_implILm0EJPNSt7__cxx1112basic_stringIcSt11char_traitsIcESaIcEEESt14default_deleteIS5_EEEC2Ev
FNDA:606,_ZSt12__get_helperILm0EPNSt7__cxx1118basic_stringstreamIcSt11char_traitsIcESaIcEEEJSt14default_deleteIS5_EEERKT0_RKSt11_Tuple_implIXT_EJS9_DpT1_EE
FNDA:0,_ZNSt11_Tuple_implILm1EJSt14default_deleteINSt7__cxx1112basic_stringIcSt11char_traitsIcESaIcEEEEEE7_M_headERS8_
FNDA:0,_ZSt3getILm1EJPNSt7__cxx1112basic_stringIcSt11char_traitsIcESaIcEEESt14default_deleteIS5_EEERNSt13tuple_elementIXT_ESt5tupleIJDpT0_EEE4typeERSD_
FNDA:128,_ZNSt11_Tuple_implILm0EJPNSt7__cxx1118basic_stringstreamIcSt11char_traitsIcESaIcEEESt14default_deleteIS5_EEE7_M_headERS9_
FNDA:64,_ZSt3getILm1EJPNSt7__cxx1118basic_stringstreamIcSt11char_traitsIcESaIcEEESt14default_deleteIS5_EEERNSt13tuple_elementIXT_ESt5tupleIJDpT0_EEE4typeERSD_
FNDA:0,_ZSt12__get_helperILm0EPNSt7__cxx1112basic_stringIcSt11char_traitsIcESaIcEEEJSt14default_deleteIS5_EEERKT0_RKSt11_Tuple_implIXT_EJS9_DpT1_EE
FNDA:94,_ZNSt10_Head_baseILm0EPNSt7__cxx1112basic_stringIcSt11char_traitsIcESaIcEEELb0EEC2Ev
FNDA:606,_ZNSt10_Head_baseILm0EPNSt7__cxx1118basic_stringstreamIcSt11char_traitsIcESaIcEEELb0EE7_M_headERKS7_
FNDA:0,_ZNSt10_Head_baseILm0EPNSt7__cxx1112basic_stringIcSt11char_traitsIcESaIcEEELb0EE7_M_headERKS7_
FNDA:0,_ZNSt11_Tuple_implILm0EJPNSt7__cxx1112basic_stringIcSt11char_traitsIcESaIcEEESt14default_deleteIS5_EEE7_M_headERKS9_
FNDA:128,_ZNSt10_Head_baseILm0EPNSt7__cxx1118basic_stringstreamIcSt11char_traitsIcESaIcEEELb0EE7_M_headERS7_
FNDA:64,_ZSt12__get_helperILm1ESt14default_deleteINSt7__cxx1118basic_stringstreamIcSt11char_traitsIcESaIcEEEEJEERT0_RSt11_Tuple_implIXT_EJS8_DpT1_EE
FNDA:0,_ZNSt10_Head_baseILm1ESt14default_deleteINSt7__cxx1112basic_stringIcSt11char_traitsIcESaIcEEEELb1EE7_M_headERS8_
FNDA:606,_ZSt3getILm0EJPNSt7__cxx1118basic_stringstreamIcSt11char_traitsIcESaIcEEESt14default_deleteIS5_EEERKNSt13tuple_elementIXT_ESt5tupleIJDpT0_EEE4typeERKSD_
FNDA:94,_ZNSt10_Head_baseILm0EPNSt7__cxx1112basic_stringIcSt11char_traitsIcESaIcEEELb0EE7_M_headERS7_
FNDA:94,_ZSt12__get_helperILm0EPNSt7__cxx1112basic_stringIcSt11char_traitsIcESaIcEEEJSt14default_deleteIS5_EEERT0_RSt11_Tuple_implIXT_EJS9_DpT1_EE
FNF:29
FNH:21
DA:80,94
DA:81,94
DA:124,64
DA:189,94
DA:190,94
DA:233,222
DA:236,606
DA:268,222
DA:271,606
DA:279,94
DA:280,94
DA:424,64
DA:430,94
DA:431,94
DA:1049,94
DA:1051,94
DA:1377,286
DA:1378,286
DA:1382,606
DA:1383,606
DA:1393,286
DA:1394,286
DA:1399,606
DA:1400,606
LF:24
LH:24
end_of_record
TN:
SF:/usr/include/c++/11/type_traits
FN:3419,_ZSt21is_constant_evaluatedv
FNDA:176509,_ZSt21is_constant_evaluatedv
FNF:1
FNH:1
DA:3419,176509
DA:3420,176509
LF:2
LH:2
end_of_record
TN:
SF:/usr/include/c++/11/typeinfo
FN:99,_ZNKSt9type_info4nameEv
FNDA:0,_ZNKSt9type_info4nameEv
FNF:1
FNH:0
DA:99,0
DA:100,0
LF:2
LH:0
end_of_record
