Start testing: Sep 15 19:25 MSK
----------------------------------------------------------
1/1 Testing: list_tests
1/1 Test: list_tests
Command: "/home/pavel/fund-alg-4sem/Lab1/Task-2/build/list_tests"
Directory: /home/pavel/fund-alg-4sem/Lab1/Task-2/build
"list_tests" start time: Sep 15 19:25 MSK
Output:
----------------------------------------------------------
Running main() from /home/pavel/fund-alg-4sem/Lab1/Task-2/build/_deps/googletest-src/googletest/src/gtest_main.cc
[==========] Running 18 tests from 3 test suites.
[----------] Global test environment set-up.
[----------] 13 tests from ListIntTest
[ RUN      ] ListIntTest.DefaultCtorEmpty
[       OK ] ListIntTest.DefaultCtorEmpty (0 ms)
[ RUN      ] ListIntTest.InitListCtor
[       OK ] ListIntTest.InitListCtor (0 ms)
[ RUN      ] ListIntTest.CopyCtorAndAssign
[       OK ] ListIntTest.CopyCtorAndAssign (0 ms)
[ RUN      ] ListIntTest.MoveCtorAndAssign
[       OK ] ListIntTest.MoveCtorAndAssign (0 ms)
[ RUN      ] ListIntTest.PushPopFrontBack
[       OK ] ListIntTest.PushPopFrontBack (0 ms)
[ RUN      ] ListIntTest.ForwardIteration
[       OK ] ListIntTest.ForwardIteration (0 ms)
[ RUN      ] ListIntTest.ConstForwardIteration
[       OK ] ListIntTest.ConstForwardIteration (0 ms)
[ RUN      ] ListIntTest.ReverseIteration
[       OK ] ListIntTest.ReverseIteration (0 ms)
[ RUN      ] ListIntTest.ConstReverseIteration
[       OK ] ListIntTest.ConstReverseIteration (0 ms)
[ RUN      ] ListIntTest.ClearResize
[       OK ] ListIntTest.ClearResize (0 ms)
[ RUN      ] ListIntTest.InsertErase
[       OK ] ListIntTest.InsertErase (0 ms)
[ RUN      ] ListIntTest.Swap
[       OK ] ListIntTest.Swap (0 ms)
[ RUN      ] ListIntTest.Comparisons
[       OK ] ListIntTest.Comparisons (0 ms)
[----------] 13 tests from ListIntTest (3 ms total)

[----------] 3 tests from ListStringTest
[ RUN      ] ListStringTest.InitListCtor
[       OK ] ListStringTest.InitListCtor (0 ms)
[ RUN      ] ListStringTest.ReverseIteration
[       OK ] ListStringTest.ReverseIteration (0 ms)
[ RUN      ] ListStringTest.Comparisons
[       OK ] ListStringTest.Comparisons (0 ms)
[----------] 3 tests from ListStringTest (0 ms total)

[----------] 2 tests from ListEmpty
[ RUN      ] ListEmpty.OperationsThrowOnEmpty
[       OK ] ListEmpty.OperationsThrowOnEmpty (0 ms)
[ RUN      ] ListEmpty.EraseEndThrows
[       OK ] ListEmpty.EraseEndThrows (0 ms)
[----------] 2 tests from ListEmpty (0 ms total)

[----------] Global test environment tear-down
[==========] 18 tests from 3 test suites ran. (5 ms total)
[  PASSED  ] 18 tests.
<end of output>
Test time =   0.04 sec
----------------------------------------------------------
Test Passed.
"list_tests" end time: Sep 15 19:25 MSK
"list_tests" time elapsed: 00:00:00
----------------------------------------------------------

End testing: Sep 15 19:25 MSK
